
*** Running vivado
    with args -log design_1_demod_pool_core_0_0.vds -m64 -product Vivado -mode batch -messageDb vivado.pb -notrace -source design_1_demod_pool_core_0_0.tcl


****** Vivado v2018.3 (64-bit)
  **** SW Build 2405991 on Thu Dec  6 23:38:27 MST 2018
  **** IP Build 2404404 on Fri Dec  7 01:43:56 MST 2018
    ** Copyright 1986-2018 Xilinx, Inc. All Rights Reserved.

source design_1_demod_pool_core_0_0.tcl -notrace
Command: synth_design -top design_1_demod_pool_core_0_0 -part xc7z020clg400-2 -mode out_of_context
Starting synth_design
Attempting to get a license for feature 'Synthesis' and/or device 'xc7z020'
INFO: [Common 17-349] Got license for feature 'Synthesis' and/or device 'xc7z020'
INFO: Launching helper process for spawning children vivado processes
INFO: Helper process launched with PID 34588 
---------------------------------------------------------------------------------
Starting RTL Elaboration : Time (s): cpu = 00:00:03 ; elapsed = 00:00:03 . Memory (MB): peak = 479.137 ; gain = 98.492
---------------------------------------------------------------------------------
INFO: [Synth 8-6157] synthesizing module 'design_1_demod_pool_core_0_0' [f:/College/verilog_digital_system/Xilinx/2023_step2_by_ygw/2023_step2_by_ygw.srcs/sources_1/bd/design_1/ip/design_1_demod_pool_core_0_0/synth/design_1_demod_pool_core_0_0.v:58]
INFO: [Synth 8-6157] synthesizing module 'demod_pool_core' [F:/College/verilog_digital_system/Xilinx/2023_step2_by_ygw/2023_step2_by_ygw.srcs/sources_1/imports/rtl/demod_pool_core.v:9]
	Parameter LGN bound to: 13 - type: integer 
	Parameter MAG_GATE bound to: 24'b000000110011001100110011 
INFO: [Synth 8-638] synthesizing module 'cordic_translate_0' [f:/College/verilog_digital_system/Xilinx/2023_step2_by_ygw/2023_step2_by_ygw.srcs/sources_1/ip/cordic_translate_0/synth/cordic_translate_0.vhd:72]
	Parameter C_ARCHITECTURE bound to: 2 - type: integer 
	Parameter C_CORDIC_FUNCTION bound to: 1 - type: integer 
	Parameter C_COARSE_ROTATE bound to: 1 - type: integer 
	Parameter C_DATA_FORMAT bound to: 0 - type: integer 
	Parameter C_XDEVICEFAMILY bound to: zynq - type: string 
	Parameter C_HAS_ACLKEN bound to: 0 - type: integer 
	Parameter C_HAS_ACLK bound to: 1 - type: integer 
	Parameter C_HAS_S_AXIS_CARTESIAN bound to: 1 - type: integer 
	Parameter C_HAS_S_AXIS_PHASE bound to: 0 - type: integer 
	Parameter C_HAS_ARESETN bound to: 1 - type: integer 
	Parameter C_INPUT_WIDTH bound to: 16 - type: integer 
	Parameter C_ITERATIONS bound to: 0 - type: integer 
	Parameter C_OUTPUT_WIDTH bound to: 24 - type: integer 
	Parameter C_PHASE_FORMAT bound to: 1 - type: integer 
	Parameter C_PIPELINE_MODE bound to: -2 - type: integer 
	Parameter C_PRECISION bound to: 0 - type: integer 
	Parameter C_ROUND_MODE bound to: 3 - type: integer 
	Parameter C_SCALE_COMP bound to: 3 - type: integer 
	Parameter C_THROTTLE_SCHEME bound to: 2 - type: integer 
	Parameter C_TLAST_RESOLUTION bound to: 0 - type: integer 
	Parameter C_HAS_S_AXIS_PHASE_TUSER bound to: 0 - type: integer 
	Parameter C_HAS_S_AXIS_PHASE_TLAST bound to: 0 - type: integer 
	Parameter C_S_AXIS_PHASE_TDATA_WIDTH bound to: 16 - type: integer 
	Parameter C_S_AXIS_PHASE_TUSER_WIDTH bound to: 1 - type: integer 
	Parameter C_HAS_S_AXIS_CARTESIAN_TUSER bound to: 0 - type: integer 
	Parameter C_HAS_S_AXIS_CARTESIAN_TLAST bound to: 0 - type: integer 
	Parameter C_S_AXIS_CARTESIAN_TDATA_WIDTH bound to: 32 - type: integer 
	Parameter C_S_AXIS_CARTESIAN_TUSER_WIDTH bound to: 1 - type: integer 
	Parameter C_M_AXIS_DOUT_TDATA_WIDTH bound to: 48 - type: integer 
	Parameter C_M_AXIS_DOUT_TUSER_WIDTH bound to: 1 - type: integer 
INFO: [Synth 8-3491] module 'cordic_v6_0_14' declared at 'f:/College/verilog_digital_system/Xilinx/2023_step2_by_ygw/2023_step2_by_ygw.srcs/sources_1/ip/cordic_translate_0/hdl/cordic_v6_0_vh_rfs.vhd:10135' bound to instance 'U0' of component 'cordic_v6_0_14' [f:/College/verilog_digital_system/Xilinx/2023_step2_by_ygw/2023_step2_by_ygw.srcs/sources_1/ip/cordic_translate_0/synth/cordic_translate_0.vhd:151]
INFO: [Synth 8-256] done synthesizing module 'cordic_translate_0' (30#1) [f:/College/verilog_digital_system/Xilinx/2023_step2_by_ygw/2023_step2_by_ygw.srcs/sources_1/ip/cordic_translate_0/synth/cordic_translate_0.vhd:72]
INFO: [Synth 8-6157] synthesizing module 'phase_diff_wrap' [F:/College/verilog_digital_system/Xilinx/2023_step2_by_ygw/2023_step2_by_ygw.srcs/sources_1/imports/rtl/phase_diff_wrap.v:5]
	Parameter PHASE_W bound to: 24 - type: integer 
	Parameter FRAC_W bound to: 21 - type: integer 
	Parameter PI_RAW bound to: 25'sb0001000000000000000000000 
	Parameter TWO_PI_RAW bound to: 25'sb0010000000000000000000000 
INFO: [Synth 8-6155] done synthesizing module 'phase_diff_wrap' (31#1) [F:/College/verilog_digital_system/Xilinx/2023_step2_by_ygw/2023_step2_by_ygw.srcs/sources_1/imports/rtl/phase_diff_wrap.v:5]
INFO: [Synth 8-6157] synthesizing module 'running_stats16' [F:/College/verilog_digital_system/Xilinx/2023_step2_by_ygw/2023_step2_by_ygw.srcs/sources_1/imports/rtl/running_stats16.v:5]
	Parameter LGN bound to: 13 - type: integer 
	Parameter N bound to: 8192 - type: integer 
INFO: [Synth 8-5534] Detected attribute (* use_dsp = "yes" *) [F:/College/verilog_digital_system/Xilinx/2023_step2_by_ygw/2023_step2_by_ygw.srcs/sources_1/imports/rtl/running_stats16.v:53]
INFO: [Synth 8-6155] done synthesizing module 'running_stats16' (32#1) [F:/College/verilog_digital_system/Xilinx/2023_step2_by_ygw/2023_step2_by_ygw.srcs/sources_1/imports/rtl/running_stats16.v:5]
INFO: [Synth 8-6157] synthesizing module 'hist16_snapshot' [F:/College/verilog_digital_system/Xilinx/2023_step2_by_ygw/2023_step2_by_ygw.srcs/sources_1/imports/rtl/hist16_snapshot.v:4]
	Parameter LGN bound to: 13 - type: integer 
	Parameter N bound to: 8192 - type: integer 
INFO: [Synth 8-6155] done synthesizing module 'hist16_snapshot' (33#1) [F:/College/verilog_digital_system/Xilinx/2023_step2_by_ygw/2023_step2_by_ygw.srcs/sources_1/imports/rtl/hist16_snapshot.v:4]
INFO: [Synth 8-6157] synthesizing module 'psk_spike_detector' [F:/College/verilog_digital_system/Xilinx/2023_step2_by_ygw/2023_step2_by_ygw.srcs/sources_1/imports/rtl/psk_spike_detector.v:5]
	Parameter PHASE_W bound to: 24 - type: integer 
	Parameter LGN bound to: 13 - type: integer 
	Parameter SPIKE_TH bound to: 943718 - type: integer 
	Parameter MIN_SPIKES bound to: 4 - type: integer 
	Parameter N bound to: 8192 - type: integer 
INFO: [Synth 8-6155] done synthesizing module 'psk_spike_detector' (34#1) [F:/College/verilog_digital_system/Xilinx/2023_step2_by_ygw/2023_step2_by_ygw.srcs/sources_1/imports/rtl/psk_spike_detector.v:5]
INFO: [Synth 8-6155] done synthesizing module 'demod_pool_core' (35#1) [F:/College/verilog_digital_system/Xilinx/2023_step2_by_ygw/2023_step2_by_ygw.srcs/sources_1/imports/rtl/demod_pool_core.v:9]
INFO: [Synth 8-6155] done synthesizing module 'design_1_demod_pool_core_0_0' (36#1) [f:/College/verilog_digital_system/Xilinx/2023_step2_by_ygw/2023_step2_by_ygw.srcs/sources_1/bd/design_1/ip/design_1_demod_pool_core_0_0/synth/design_1_demod_pool_core_0_0.v:58]
WARNING: [Synth 8-3331] design axi_slave_2to1 has unconnected port s_axis_a_tuser[0]
WARNING: [Synth 8-3331] design axi_slave_2to1 has unconnected port s_axis_a_tlast
WARNING: [Synth 8-3331] design axi_slave_2to1 has unconnected port s_axis_b_tuser[0]
WARNING: [Synth 8-3331] design axi_slave_2to1 has unconnected port s_axis_b_tlast
WARNING: [Synth 8-3331] design xbip_pipe_v3_0_5_viv has unconnected port CE
WARNING: [Synth 8-3331] design xbip_pipe_v3_0_5_viv has unconnected port SCLR
WARNING: [Synth 8-3331] design xbip_pipe_v3_0_5_viv has unconnected port SSET
WARNING: [Synth 8-3331] design xbip_pipe_v3_0_5_viv has unconnected port SINIT
WARNING: [Synth 8-3331] design delay__parameterized8 has unconnected port SCLR
WARNING: [Synth 8-3331] design delay_line__parameterized7 has unconnected port CLK
WARNING: [Synth 8-3331] design delay_line__parameterized7 has unconnected port CE
WARNING: [Synth 8-3331] design delay_line__parameterized7 has unconnected port SCLR
WARNING: [Synth 8-3331] design delay_line__parameterized6 has unconnected port CE
WARNING: [Synth 8-3331] design delay_line__parameterized5 has unconnected port CE
WARNING: [Synth 8-3331] design delay_line__parameterized4 has unconnected port CE
WARNING: [Synth 8-3331] design delay_line__parameterized3 has unconnected port CLK
WARNING: [Synth 8-3331] design delay_line__parameterized3 has unconnected port CE
WARNING: [Synth 8-3331] design delay_line__parameterized3 has unconnected port SCLR
WARNING: [Synth 8-3331] design delay_line__parameterized2 has unconnected port CE
WARNING: [Synth 8-3331] design delay_line__parameterized1 has unconnected port CE
WARNING: [Synth 8-3331] design delay_line has unconnected port CLK
WARNING: [Synth 8-3331] design delay_line has unconnected port CE
WARNING: [Synth 8-3331] design delay_line has unconnected port SCLR
WARNING: [Synth 8-3331] design delay_line__parameterized0 has unconnected port CLK
WARNING: [Synth 8-3331] design delay_line__parameterized0 has unconnected port CE
WARNING: [Synth 8-3331] design delay_line__parameterized0 has unconnected port SCLR
WARNING: [Synth 8-3331] design dsp has unconnected port D_PORT[24]
WARNING: [Synth 8-3331] design dsp has unconnected port D_PORT[23]
WARNING: [Synth 8-3331] design dsp has unconnected port D_PORT[22]
WARNING: [Synth 8-3331] design dsp has unconnected port D_PORT[21]
WARNING: [Synth 8-3331] design dsp has unconnected port D_PORT[20]
WARNING: [Synth 8-3331] design dsp has unconnected port D_PORT[19]
WARNING: [Synth 8-3331] design dsp has unconnected port D_PORT[18]
WARNING: [Synth 8-3331] design dsp has unconnected port D_PORT[17]
WARNING: [Synth 8-3331] design dsp has unconnected port D_PORT[16]
WARNING: [Synth 8-3331] design dsp has unconnected port D_PORT[15]
WARNING: [Synth 8-3331] design dsp has unconnected port D_PORT[14]
WARNING: [Synth 8-3331] design dsp has unconnected port D_PORT[13]
WARNING: [Synth 8-3331] design dsp has unconnected port D_PORT[12]
WARNING: [Synth 8-3331] design dsp has unconnected port D_PORT[11]
WARNING: [Synth 8-3331] design dsp has unconnected port D_PORT[10]
WARNING: [Synth 8-3331] design dsp has unconnected port D_PORT[9]
WARNING: [Synth 8-3331] design dsp has unconnected port D_PORT[8]
WARNING: [Synth 8-3331] design dsp has unconnected port D_PORT[7]
WARNING: [Synth 8-3331] design dsp has unconnected port D_PORT[6]
WARNING: [Synth 8-3331] design dsp has unconnected port D_PORT[5]
WARNING: [Synth 8-3331] design dsp has unconnected port D_PORT[4]
WARNING: [Synth 8-3331] design dsp has unconnected port D_PORT[3]
WARNING: [Synth 8-3331] design dsp has unconnected port D_PORT[2]
WARNING: [Synth 8-3331] design dsp has unconnected port D_PORT[1]
WARNING: [Synth 8-3331] design dsp has unconnected port D_PORT[0]
WARNING: [Synth 8-3331] design dsp has unconnected port CARRY_IN
WARNING: [Synth 8-3331] design ccm has unconnected port B[28]
WARNING: [Synth 8-3331] design ccm has unconnected port B[27]
WARNING: [Synth 8-3331] design ccm has unconnected port B[26]
WARNING: [Synth 8-3331] design ccm has unconnected port B[25]
WARNING: [Synth 8-3331] design ccm has unconnected port B[24]
WARNING: [Synth 8-3331] design ccm has unconnected port B[23]
WARNING: [Synth 8-3331] design ccm has unconnected port B[22]
WARNING: [Synth 8-3331] design ccm has unconnected port B[21]
WARNING: [Synth 8-3331] design ccm has unconnected port B[20]
WARNING: [Synth 8-3331] design ccm has unconnected port B[19]
WARNING: [Synth 8-3331] design ccm has unconnected port B[18]
WARNING: [Synth 8-3331] design ccm has unconnected port B[17]
WARNING: [Synth 8-3331] design ccm has unconnected port B[16]
WARNING: [Synth 8-3331] design ccm has unconnected port B[15]
WARNING: [Synth 8-3331] design ccm has unconnected port B[14]
WARNING: [Synth 8-3331] design ccm has unconnected port B[13]
WARNING: [Synth 8-3331] design ccm has unconnected port B[12]
WARNING: [Synth 8-3331] design ccm has unconnected port B[11]
WARNING: [Synth 8-3331] design ccm has unconnected port B[10]
WARNING: [Synth 8-3331] design ccm has unconnected port B[9]
WARNING: [Synth 8-3331] design ccm has unconnected port B[8]
WARNING: [Synth 8-3331] design ccm has unconnected port B[7]
WARNING: [Synth 8-3331] design ccm has unconnected port B[6]
WARNING: [Synth 8-3331] design ccm has unconnected port B[5]
WARNING: [Synth 8-3331] design ccm has unconnected port B[4]
WARNING: [Synth 8-3331] design ccm has unconnected port B[3]
WARNING: [Synth 8-3331] design ccm has unconnected port B[2]
WARNING: [Synth 8-3331] design ccm has unconnected port B[1]
WARNING: [Synth 8-3331] design ccm has unconnected port B[0]
WARNING: [Synth 8-3331] design mult_gen_v12_0_14_viv has unconnected port CE
WARNING: [Synth 8-3331] design c_reg_fd_v12_0_5_viv__parameterized2 has unconnected port CE
WARNING: [Synth 8-3331] design c_reg_fd_v12_0_5_viv__parameterized2 has unconnected port AINIT
WARNING: [Synth 8-3331] design c_reg_fd_v12_0_5_viv__parameterized2 has unconnected port ACLR
WARNING: [Synth 8-3331] design c_reg_fd_v12_0_5_viv__parameterized2 has unconnected port ASET
WARNING: [Synth 8-3331] design c_reg_fd_v12_0_5_viv__parameterized2 has unconnected port SINIT
WARNING: [Synth 8-3331] design c_reg_fd_v12_0_5_viv__parameterized2 has unconnected port SSET
WARNING: [Synth 8-3331] design c_addsub_v12_0_12_lut6_legacy__parameterized3 has unconnected port c_in
WARNING: [Synth 8-3331] design c_addsub_v12_0_12_lut6_legacy__parameterized3 has unconnected port ce
WARNING: [Synth 8-3331] design c_addsub_v12_0_12_lut6_legacy__parameterized3 has unconnected port bypass
WARNING: [Synth 8-3331] design c_addsub_v12_0_12_lut6_legacy__parameterized3 has unconnected port sset
WARNING: [Synth 8-3331] design c_addsub_v12_0_12_lut6_legacy__parameterized3 has unconnected port sinit
WARNING: [Synth 8-3331] design c_addsub_v12_0_12_legacy__parameterized3 has unconnected port c_in
WARNING: [Synth 8-3331] design c_addsub_v12_0_12_legacy__parameterized3 has unconnected port b_in
WARNING: [Synth 8-3331] design c_addsub_v12_0_12_legacy__parameterized3 has unconnected port a_signed
WARNING: [Synth 8-3331] design c_addsub_v12_0_12_legacy__parameterized3 has unconnected port b_signed
WARNING: [Synth 8-3331] design c_addsub_v12_0_12_viv__parameterized3 has unconnected port C_IN
WARNING: [Synth 8-3331] design c_reg_fd_v12_0_5_viv__parameterized4 has unconnected port AINIT
WARNING: [Synth 8-3331] design c_reg_fd_v12_0_5_viv__parameterized4 has unconnected port ACLR
INFO: [Common 17-14] Message 'Synth 8-3331' appears 100 times and further instances of the messages will be disabled. Use the Tcl command set_msg_config to change the current settings.
---------------------------------------------------------------------------------
Finished RTL Elaboration : Time (s): cpu = 00:00:21 ; elapsed = 00:00:22 . Memory (MB): peak = 663.246 ; gain = 282.602
---------------------------------------------------------------------------------

Report Check Netlist: 
+------+------------------+-------+---------+-------+------------------+
|      |Item              |Errors |Warnings |Status |Description       |
+------+------------------+-------+---------+-------+------------------+
|1     |multi_driven_nets |      0|        0|Passed |Multi driven nets |
+------+------------------+-------+---------+-------+------------------+
---------------------------------------------------------------------------------
Start Handling Custom Attributes
---------------------------------------------------------------------------------
---------------------------------------------------------------------------------
Finished Handling Custom Attributes : Time (s): cpu = 00:00:21 ; elapsed = 00:00:23 . Memory (MB): peak = 663.246 ; gain = 282.602
---------------------------------------------------------------------------------
---------------------------------------------------------------------------------
Finished RTL Optimization Phase 1 : Time (s): cpu = 00:00:21 ; elapsed = 00:00:23 . Memory (MB): peak = 663.246 ; gain = 282.602
---------------------------------------------------------------------------------
INFO: [Netlist 29-17] Analyzing 4315 Unisim elements for replacement
INFO: [Netlist 29-28] Unisim Transformation completed in 0 CPU seconds
INFO: [Device 21-403] Loading part xc7z020clg400-2
INFO: [Project 1-570] Preparing netlist for logic optimization

Processing XDC Constraints
Initializing timing engine
Parsing XDC File [f:/College/verilog_digital_system/Xilinx/2023_step2_by_ygw/2023_step2_by_ygw.srcs/sources_1/bd/design_1/ip/design_1_demod_pool_core_0_0/design_1_demod_pool_core_0_0_ooc.xdc] for cell 'inst'
Finished Parsing XDC File [f:/College/verilog_digital_system/Xilinx/2023_step2_by_ygw/2023_step2_by_ygw.srcs/sources_1/bd/design_1/ip/design_1_demod_pool_core_0_0/design_1_demod_pool_core_0_0_ooc.xdc] for cell 'inst'
Parsing XDC File [F:/College/verilog_digital_system/Xilinx/2023_step2_by_ygw/2023_step2_by_ygw.runs/design_1_demod_pool_core_0_0_synth_1/dont_touch.xdc]
Finished Parsing XDC File [F:/College/verilog_digital_system/Xilinx/2023_step2_by_ygw/2023_step2_by_ygw.runs/design_1_demod_pool_core_0_0_synth_1/dont_touch.xdc]
Completed Processing XDC Constraints

Netlist sorting complete. Time (s): cpu = 00:00:00 ; elapsed = 00:00:00.004 . Memory (MB): peak = 918.891 ; gain = 0.000
INFO: [Project 1-111] Unisim Transformation Summary:
No Unisim elements were transformed.

Netlist sorting complete. Time (s): cpu = 00:00:00 ; elapsed = 00:00:00.003 . Memory (MB): peak = 923.520 ; gain = 0.000
Constraint Validation Runtime : Time (s): cpu = 00:00:01 ; elapsed = 00:00:00.105 . Memory (MB): peak = 925.086 ; gain = 6.195
---------------------------------------------------------------------------------
Finished Constraint Validation : Time (s): cpu = 00:00:27 ; elapsed = 00:00:29 . Memory (MB): peak = 925.086 ; gain = 544.441
---------------------------------------------------------------------------------
---------------------------------------------------------------------------------
Start Loading Part and Timing Information
---------------------------------------------------------------------------------
Loading part: xc7z020clg400-2
---------------------------------------------------------------------------------
Finished Loading Part and Timing Information : Time (s): cpu = 00:00:27 ; elapsed = 00:00:29 . Memory (MB): peak = 925.086 ; gain = 544.441
---------------------------------------------------------------------------------
---------------------------------------------------------------------------------
Start Applying 'set_property' XDC Constraints
---------------------------------------------------------------------------------
Applied set_property DONT_TOUCH = true for inst. (constraint file  F:/College/verilog_digital_system/Xilinx/2023_step2_by_ygw/2023_step2_by_ygw.runs/design_1_demod_pool_core_0_0_synth_1/dont_touch.xdc, line 12).
Applied set_property DONT_TOUCH = true for inst/u_cordic_translate. (constraint file  auto generated constraint, line ).
---------------------------------------------------------------------------------
Finished applying 'set_property' XDC Constraints : Time (s): cpu = 00:00:27 ; elapsed = 00:00:29 . Memory (MB): peak = 925.086 ; gain = 544.441
---------------------------------------------------------------------------------
INFO: [Synth 8-5546] ROM "sum" won't be mapped to RAM because it is too sparse
INFO: [Synth 8-5546] ROM "sumsq" won't be mapped to RAM because it is too sparse
INFO: [Synth 8-5544] ROM "live_reg[0]" won't be mapped to Block RAM because address size (4) smaller than threshold (5)
INFO: [Synth 8-5544] ROM "live_reg[1]" won't be mapped to Block RAM because address size (4) smaller than threshold (5)
INFO: [Synth 8-5544] ROM "live_reg[2]" won't be mapped to Block RAM because address size (4) smaller than threshold (5)
INFO: [Synth 8-5544] ROM "live_reg[3]" won't be mapped to Block RAM because address size (4) smaller than threshold (5)
INFO: [Synth 8-5544] ROM "live_reg[4]" won't be mapped to Block RAM because address size (4) smaller than threshold (5)
INFO: [Synth 8-5544] ROM "live_reg[5]" won't be mapped to Block RAM because address size (4) smaller than threshold (5)
INFO: [Synth 8-5544] ROM "live_reg[6]" won't be mapped to Block RAM because address size (4) smaller than threshold (5)
INFO: [Synth 8-5544] ROM "live_reg[7]" won't be mapped to Block RAM because address size (4) smaller than threshold (5)
INFO: [Synth 8-5544] ROM "live_reg[8]" won't be mapped to Block RAM because address size (4) smaller than threshold (5)
INFO: [Synth 8-5544] ROM "live_reg[9]" won't be mapped to Block RAM because address size (4) smaller than threshold (5)
INFO: [Synth 8-5544] ROM "live_reg[10]" won't be mapped to Block RAM because address size (4) smaller than threshold (5)
INFO: [Synth 8-5544] ROM "live_reg[11]" won't be mapped to Block RAM because address size (4) smaller than threshold (5)
INFO: [Synth 8-5544] ROM "live_reg[12]" won't be mapped to Block RAM because address size (4) smaller than threshold (5)
INFO: [Synth 8-5544] ROM "live_reg[13]" won't be mapped to Block RAM because address size (4) smaller than threshold (5)
INFO: [Synth 8-5544] ROM "live_reg[14]" won't be mapped to Block RAM because address size (4) smaller than threshold (5)
INFO: [Synth 8-5544] ROM "live_reg[15]" won't be mapped to Block RAM because address size (4) smaller than threshold (5)
INFO: [Synth 8-5546] ROM "snap" won't be mapped to RAM because it is too sparse
INFO: [Synth 8-5546] ROM "live_spikes" won't be mapped to RAM because it is too sparse
---------------------------------------------------------------------------------
Finished RTL Optimization Phase 2 : Time (s): cpu = 00:00:28 ; elapsed = 00:00:30 . Memory (MB): peak = 925.086 ; gain = 544.441
---------------------------------------------------------------------------------

Report RTL Partitions: 
+-+--------------+------------+----------+
| |RTL Partition |Replication |Instances |
+-+--------------+------------+----------+
+-+--------------+------------+----------+
---------------------------------------------------------------------------------
Start RTL Component Statistics 
---------------------------------------------------------------------------------
---------------------------------------------------------------------------------
Finished RTL Component Statistics 
---------------------------------------------------------------------------------
---------------------------------------------------------------------------------
Start RTL Hierarchical Component Statistics 
---------------------------------------------------------------------------------
---------------------------------------------------------------------------------
Finished RTL Hierarchical Component Statistics
---------------------------------------------------------------------------------
---------------------------------------------------------------------------------
Start Part Resource Summary
---------------------------------------------------------------------------------
Part Resources:
DSPs: 220 (col length:60)
BRAMs: 280 (col length: RAMB18 60 RAMB36 30)
---------------------------------------------------------------------------------
Finished Part Resource Summary
---------------------------------------------------------------------------------
---------------------------------------------------------------------------------
Start Cross Boundary and Area Optimization
---------------------------------------------------------------------------------
Warning: Parallel synthesis criteria is not met 
INFO: [Synth 8-5546] ROM "sumsq" won't be mapped to RAM because it is too sparse
INFO: [Synth 8-5546] ROM "sum" won't be mapped to RAM because it is too sparse
INFO: [Synth 8-5845] Not enough pipeline registers after wide multiplier. Recommended levels of pipeline registers is 4 [F:/College/verilog_digital_system/Xilinx/2023_step2_by_ygw/2023_step2_by_ygw.srcs/sources_1/imports/rtl/running_stats16.v:61]
INFO: [Synth 8-5546] ROM "sumsq" won't be mapped to RAM because it is too sparse
INFO: [Synth 8-5546] ROM "sum" won't be mapped to RAM because it is too sparse
INFO: [Synth 8-5546] ROM "snap" won't be mapped to RAM because it is too sparse
INFO: [Synth 8-5546] ROM "snap" won't be mapped to RAM because it is too sparse
INFO: [Synth 8-5546] ROM "live_spikes" won't be mapped to RAM because it is too sparse
INFO: [Synth 8-3886] merging instance 'inst/u_freq_stats/n_sumsq_pipe_reg[0]' (FDRE) to 'inst/u_freq_stats/n_sumsq_pipe_reg[63]'
INFO: [Synth 8-3886] merging instance 'inst/u_mag_stats/n_sumsq_pipe_reg[0]' (FDRE) to 'inst/u_mag_stats/n_sumsq_pipe_reg[63]'
INFO: [Synth 8-3886] merging instance 'inst/u_freq_stats/n_sumsq_pipe_reg[1]' (FDRE) to 'inst/u_freq_stats/n_sumsq_pipe_reg[63]'
INFO: [Synth 8-3886] merging instance 'inst/u_freq_stats/n_sumsq_pipe_reg[2]' (FDRE) to 'inst/u_freq_stats/n_sumsq_pipe_reg[63]'
INFO: [Synth 8-3886] merging instance 'inst/u_freq_stats/n_sumsq_pipe_reg[3]' (FDRE) to 'inst/u_freq_stats/n_sumsq_pipe_reg[63]'
INFO: [Synth 8-3886] merging instance 'inst/u_freq_stats/n_sumsq_pipe_reg[4]' (FDRE) to 'inst/u_freq_stats/n_sumsq_pipe_reg[63]'
INFO: [Synth 8-3886] merging instance 'inst/u_freq_stats/n_sumsq_pipe_reg[5]' (FDRE) to 'inst/u_freq_stats/n_sumsq_pipe_reg[63]'
INFO: [Synth 8-3886] merging instance 'inst/u_freq_stats/n_sumsq_pipe_reg[6]' (FDRE) to 'inst/u_freq_stats/n_sumsq_pipe_reg[63]'
INFO: [Synth 8-3886] merging instance 'inst/u_freq_stats/n_sumsq_pipe_reg[7]' (FDRE) to 'inst/u_freq_stats/n_sumsq_pipe_reg[63]'
INFO: [Synth 8-3886] merging instance 'inst/u_freq_stats/n_sumsq_pipe_reg[8]' (FDRE) to 'inst/u_freq_stats/n_sumsq_pipe_reg[63]'
INFO: [Synth 8-3886] merging instance 'inst/u_freq_stats/n_sumsq_pipe_reg[9]' (FDRE) to 'inst/u_freq_stats/n_sumsq_pipe_reg[63]'
INFO: [Synth 8-3886] merging instance 'inst/u_freq_stats/n_sumsq_pipe_reg[10]' (FDRE) to 'inst/u_freq_stats/n_sumsq_pipe_reg[63]'
INFO: [Synth 8-3886] merging instance 'inst/u_freq_stats/n_sumsq_pipe_reg[11]' (FDRE) to 'inst/u_freq_stats/n_sumsq_pipe_reg[63]'
INFO: [Synth 8-3886] merging instance 'inst/u_freq_stats/n_sumsq_pipe_reg[12]' (FDRE) to 'inst/u_freq_stats/n_sumsq_pipe_reg[63]'
INFO: [Synth 8-3886] merging instance 'inst/u_freq_stats/n_sumsq_pipe_reg[61]' (FDRE) to 'inst/u_freq_stats/n_sumsq_pipe_reg[63]'
INFO: [Synth 8-3886] merging instance 'inst/u_freq_stats/n_sumsq_pipe_reg[62]' (FDRE) to 'inst/u_freq_stats/n_sumsq_pipe_reg[63]'
INFO: [Synth 8-3333] propagating constant 0 across sequential element (inst/\u_freq_stats/n_sumsq_pipe_reg[63] )
INFO: [Synth 8-3886] merging instance 'inst/u_mag_stats/n_sumsq_pipe_reg[1]' (FDRE) to 'inst/u_mag_stats/n_sumsq_pipe_reg[63]'
INFO: [Synth 8-3886] merging instance 'inst/u_mag_stats/n_sumsq_pipe_reg[2]' (FDRE) to 'inst/u_mag_stats/n_sumsq_pipe_reg[63]'
INFO: [Synth 8-3886] merging instance 'inst/u_mag_stats/n_sumsq_pipe_reg[3]' (FDRE) to 'inst/u_mag_stats/n_sumsq_pipe_reg[63]'
INFO: [Synth 8-3886] merging instance 'inst/u_mag_stats/n_sumsq_pipe_reg[4]' (FDRE) to 'inst/u_mag_stats/n_sumsq_pipe_reg[63]'
INFO: [Synth 8-3886] merging instance 'inst/u_mag_stats/n_sumsq_pipe_reg[5]' (FDRE) to 'inst/u_mag_stats/n_sumsq_pipe_reg[63]'
INFO: [Synth 8-3886] merging instance 'inst/u_mag_stats/n_sumsq_pipe_reg[6]' (FDRE) to 'inst/u_mag_stats/n_sumsq_pipe_reg[63]'
INFO: [Synth 8-3886] merging instance 'inst/u_mag_stats/n_sumsq_pipe_reg[7]' (FDRE) to 'inst/u_mag_stats/n_sumsq_pipe_reg[63]'
INFO: [Synth 8-3886] merging instance 'inst/u_mag_stats/n_sumsq_pipe_reg[8]' (FDRE) to 'inst/u_mag_stats/n_sumsq_pipe_reg[63]'
INFO: [Synth 8-3886] merging instance 'inst/u_mag_stats/n_sumsq_pipe_reg[9]' (FDRE) to 'inst/u_mag_stats/n_sumsq_pipe_reg[63]'
INFO: [Synth 8-3886] merging instance 'inst/u_mag_stats/n_sumsq_pipe_reg[10]' (FDRE) to 'inst/u_mag_stats/n_sumsq_pipe_reg[63]'
INFO: [Synth 8-3886] merging instance 'inst/u_mag_stats/n_sumsq_pipe_reg[11]' (FDRE) to 'inst/u_mag_stats/n_sumsq_pipe_reg[63]'
INFO: [Synth 8-3886] merging instance 'inst/u_mag_stats/n_sumsq_pipe_reg[12]' (FDRE) to 'inst/u_mag_stats/n_sumsq_pipe_reg[63]'
INFO: [Synth 8-3886] merging instance 'inst/u_mag_stats/n_sumsq_pipe_reg[61]' (FDRE) to 'inst/u_mag_stats/n_sumsq_pipe_reg[63]'
INFO: [Synth 8-3886] merging instance 'inst/u_mag_stats/n_sumsq_pipe_reg[62]' (FDRE) to 'inst/u_mag_stats/n_sumsq_pipe_reg[63]'
INFO: [Synth 8-3333] propagating constant 0 across sequential element (inst/\u_mag_stats/n_sumsq_pipe_reg[63] )
WARNING: [Synth 8-3332] Sequential element (u_mag_stats/sum_square_pipe_reg[47]) is unused and will be removed from module demod_pool_core.
WARNING: [Synth 8-3332] Sequential element (u_mag_stats/sum_square_pipe_reg[46]) is unused and will be removed from module demod_pool_core.
WARNING: [Synth 8-3332] Sequential element (u_mag_stats/sum_square_pipe_reg[45]) is unused and will be removed from module demod_pool_core.
WARNING: [Synth 8-3332] Sequential element (u_mag_stats/sum_square_pipe_reg[44]) is unused and will be removed from module demod_pool_core.
WARNING: [Synth 8-3332] Sequential element (u_mag_stats/sum_square_pipe_reg[43]) is unused and will be removed from module demod_pool_core.
WARNING: [Synth 8-3332] Sequential element (u_mag_stats/sum_square_pipe_reg[42]) is unused and will be removed from module demod_pool_core.
WARNING: [Synth 8-3332] Sequential element (u_mag_stats/sum_square_pipe_reg[41]) is unused and will be removed from module demod_pool_core.
WARNING: [Synth 8-3332] Sequential element (u_mag_stats/sum_square_pipe_reg[40]) is unused and will be removed from module demod_pool_core.
WARNING: [Synth 8-3332] Sequential element (u_mag_stats/sum_square_pipe_reg[39]) is unused and will be removed from module demod_pool_core.
WARNING: [Synth 8-3332] Sequential element (u_mag_stats/sum_square_pipe_reg[38]) is unused and will be removed from module demod_pool_core.
WARNING: [Synth 8-3332] Sequential element (u_mag_stats/sum_square_pipe_reg[37]) is unused and will be removed from module demod_pool_core.
WARNING: [Synth 8-3332] Sequential element (u_mag_stats/sum_square_pipe_reg[36]) is unused and will be removed from module demod_pool_core.
WARNING: [Synth 8-3332] Sequential element (u_mag_stats/sum_square_pipe_reg[35]) is unused and will be removed from module demod_pool_core.
WARNING: [Synth 8-3332] Sequential element (u_mag_stats/sum_square_pipe_reg[34]) is unused and will be removed from module demod_pool_core.
WARNING: [Synth 8-3332] Sequential element (u_mag_stats/sum_square_pipe_reg[33]) is unused and will be removed from module demod_pool_core.
WARNING: [Synth 8-3332] Sequential element (u_mag_stats/sum_square_pipe_reg[32]) is unused and will be removed from module demod_pool_core.
WARNING: [Synth 8-3332] Sequential element (u_mag_stats/sum_square_pipe_reg[31]) is unused and will be removed from module demod_pool_core.
WARNING: [Synth 8-3332] Sequential element (u_mag_stats/sum_square_pipe_reg[30]) is unused and will be removed from module demod_pool_core.
WARNING: [Synth 8-3332] Sequential element (u_mag_stats/sum_square_pipe_reg[29]) is unused and will be removed from module demod_pool_core.
WARNING: [Synth 8-3332] Sequential element (u_mag_stats/sum_square_pipe_reg[28]) is unused and will be removed from module demod_pool_core.
WARNING: [Synth 8-3332] Sequential element (u_mag_stats/sum_square_pipe_reg[27]) is unused and will be removed from module demod_pool_core.
WARNING: [Synth 8-3332] Sequential element (u_mag_stats/sum_square_pipe_reg[26]) is unused and will be removed from module demod_pool_core.
WARNING: [Synth 8-3332] Sequential element (u_mag_stats/sum_square_pipe_reg[25]) is unused and will be removed from module demod_pool_core.
WARNING: [Synth 8-3332] Sequential element (u_mag_stats/sum_square_pipe_reg[24]) is unused and will be removed from module demod_pool_core.
WARNING: [Synth 8-3332] Sequential element (u_mag_stats/sum_square_pipe_reg[23]) is unused and will be removed from module demod_pool_core.
WARNING: [Synth 8-3332] Sequential element (u_mag_stats/sum_square_pipe_reg[22]) is unused and will be removed from module demod_pool_core.
WARNING: [Synth 8-3332] Sequential element (u_mag_stats/sum_square_pipe_reg[21]) is unused and will be removed from module demod_pool_core.
WARNING: [Synth 8-3332] Sequential element (u_mag_stats/sum_square_pipe_reg[20]) is unused and will be removed from module demod_pool_core.
WARNING: [Synth 8-3332] Sequential element (u_mag_stats/sum_square_pipe_reg[19]) is unused and will be removed from module demod_pool_core.
WARNING: [Synth 8-3332] Sequential element (u_mag_stats/sum_square_pipe_reg[18]) is unused and will be removed from module demod_pool_core.
WARNING: [Synth 8-3332] Sequential element (u_mag_stats/sum_square_pipe_reg[17]) is unused and will be removed from module demod_pool_core.
WARNING: [Synth 8-3332] Sequential element (u_mag_stats/sum_square_pipe_reg[47]__0) is unused and will be removed from module demod_pool_core.
WARNING: [Synth 8-3332] Sequential element (u_mag_stats/sum_square_pipe_reg[46]__0) is unused and will be removed from module demod_pool_core.
WARNING: [Synth 8-3332] Sequential element (u_mag_stats/sum_square_pipe_reg[45]__0) is unused and will be removed from module demod_pool_core.
WARNING: [Synth 8-3332] Sequential element (u_mag_stats/sum_square_pipe_reg[44]__0) is unused and will be removed from module demod_pool_core.
WARNING: [Synth 8-3332] Sequential element (u_mag_stats/sum_square_pipe_reg[43]__0) is unused and will be removed from module demod_pool_core.
WARNING: [Synth 8-3332] Sequential element (u_mag_stats/sum_square_pipe_reg[42]__0) is unused and will be removed from module demod_pool_core.
WARNING: [Synth 8-3332] Sequential element (u_mag_stats/sum_square_pipe_reg[41]__0) is unused and will be removed from module demod_pool_core.
WARNING: [Synth 8-3332] Sequential element (u_mag_stats/sum_square_pipe_reg[40]__0) is unused and will be removed from module demod_pool_core.
WARNING: [Synth 8-3332] Sequential element (u_mag_stats/sum_square_pipe_reg[39]__0) is unused and will be removed from module demod_pool_core.
WARNING: [Synth 8-3332] Sequential element (u_mag_stats/sum_square_pipe_reg[38]__0) is unused and will be removed from module demod_pool_core.
WARNING: [Synth 8-3332] Sequential element (u_mag_stats/sum_square_pipe_reg[37]__0) is unused and will be removed from module demod_pool_core.
WARNING: [Synth 8-3332] Sequential element (u_mag_stats/sum_square_pipe_reg[36]__0) is unused and will be removed from module demod_pool_core.
WARNING: [Synth 8-3332] Sequential element (u_mag_stats/sum_square_pipe_reg[35]__0) is unused and will be removed from module demod_pool_core.
WARNING: [Synth 8-3332] Sequential element (u_mag_stats/sum_square_pipe_reg[34]__0) is unused and will be removed from module demod_pool_core.
WARNING: [Synth 8-3332] Sequential element (u_mag_stats/sum_square_pipe_reg[33]__0) is unused and will be removed from module demod_pool_core.
WARNING: [Synth 8-3332] Sequential element (u_mag_stats/sum_square_pipe_reg[32]__0) is unused and will be removed from module demod_pool_core.
WARNING: [Synth 8-3332] Sequential element (u_mag_stats/sum_square_pipe_reg[31]__0) is unused and will be removed from module demod_pool_core.
WARNING: [Synth 8-3332] Sequential element (u_mag_stats/sum_square_pipe_reg[30]__0) is unused and will be removed from module demod_pool_core.
WARNING: [Synth 8-3332] Sequential element (u_mag_stats/sum_square_pipe_reg[29]__0) is unused and will be removed from module demod_pool_core.
WARNING: [Synth 8-3332] Sequential element (u_mag_stats/sum_square_pipe_reg[28]__0) is unused and will be removed from module demod_pool_core.
WARNING: [Synth 8-3332] Sequential element (u_mag_stats/sum_square_pipe_reg[27]__0) is unused and will be removed from module demod_pool_core.
WARNING: [Synth 8-3332] Sequential element (u_mag_stats/sum_square_pipe_reg[26]__0) is unused and will be removed from module demod_pool_core.
WARNING: [Synth 8-3332] Sequential element (u_mag_stats/sum_square_pipe_reg[25]__0) is unused and will be removed from module demod_pool_core.
WARNING: [Synth 8-3332] Sequential element (u_mag_stats/sum_square_pipe_reg[24]__0) is unused and will be removed from module demod_pool_core.
WARNING: [Synth 8-3332] Sequential element (u_mag_stats/sum_square_pipe_reg[23]__0) is unused and will be removed from module demod_pool_core.
WARNING: [Synth 8-3332] Sequential element (u_mag_stats/sum_square_pipe_reg[22]__0) is unused and will be removed from module demod_pool_core.
WARNING: [Synth 8-3332] Sequential element (u_mag_stats/sum_square_pipe_reg[21]__0) is unused and will be removed from module demod_pool_core.
WARNING: [Synth 8-3332] Sequential element (u_mag_stats/sum_square_pipe_reg[20]__0) is unused and will be removed from module demod_pool_core.
WARNING: [Synth 8-3332] Sequential element (u_mag_stats/sum_square_pipe_reg[19]__0) is unused and will be removed from module demod_pool_core.
WARNING: [Synth 8-3332] Sequential element (u_mag_stats/sum_square_pipe_reg[18]__0) is unused and will be removed from module demod_pool_core.
WARNING: [Synth 8-3332] Sequential element (u_mag_stats/sum_square_pipe_reg[17]__0) is unused and will be removed from module demod_pool_core.
WARNING: [Synth 8-3332] Sequential element (u_freq_stats/sum_square_pipe_reg[47]) is unused and will be removed from module demod_pool_core.
WARNING: [Synth 8-3332] Sequential element (u_freq_stats/sum_square_pipe_reg[46]) is unused and will be removed from module demod_pool_core.
WARNING: [Synth 8-3332] Sequential element (u_freq_stats/sum_square_pipe_reg[45]) is unused and will be removed from module demod_pool_core.
WARNING: [Synth 8-3332] Sequential element (u_freq_stats/sum_square_pipe_reg[44]) is unused and will be removed from module demod_pool_core.
WARNING: [Synth 8-3332] Sequential element (u_freq_stats/sum_square_pipe_reg[43]) is unused and will be removed from module demod_pool_core.
WARNING: [Synth 8-3332] Sequential element (u_freq_stats/sum_square_pipe_reg[42]) is unused and will be removed from module demod_pool_core.
WARNING: [Synth 8-3332] Sequential element (u_freq_stats/sum_square_pipe_reg[41]) is unused and will be removed from module demod_pool_core.
WARNING: [Synth 8-3332] Sequential element (u_freq_stats/sum_square_pipe_reg[40]) is unused and will be removed from module demod_pool_core.
WARNING: [Synth 8-3332] Sequential element (u_freq_stats/sum_square_pipe_reg[39]) is unused and will be removed from module demod_pool_core.
WARNING: [Synth 8-3332] Sequential element (u_freq_stats/sum_square_pipe_reg[38]) is unused and will be removed from module demod_pool_core.
WARNING: [Synth 8-3332] Sequential element (u_freq_stats/sum_square_pipe_reg[37]) is unused and will be removed from module demod_pool_core.
WARNING: [Synth 8-3332] Sequential element (u_freq_stats/sum_square_pipe_reg[36]) is unused and will be removed from module demod_pool_core.
WARNING: [Synth 8-3332] Sequential element (u_freq_stats/sum_square_pipe_reg[35]) is unused and will be removed from module demod_pool_core.
WARNING: [Synth 8-3332] Sequential element (u_freq_stats/sum_square_pipe_reg[34]) is unused and will be removed from module demod_pool_core.
WARNING: [Synth 8-3332] Sequential element (u_freq_stats/sum_square_pipe_reg[33]) is unused and will be removed from module demod_pool_core.
WARNING: [Synth 8-3332] Sequential element (u_freq_stats/sum_square_pipe_reg[32]) is unused and will be removed from module demod_pool_core.
WARNING: [Synth 8-3332] Sequential element (u_freq_stats/sum_square_pipe_reg[31]) is unused and will be removed from module demod_pool_core.
WARNING: [Synth 8-3332] Sequential element (u_freq_stats/sum_square_pipe_reg[30]) is unused and will be removed from module demod_pool_core.
WARNING: [Synth 8-3332] Sequential element (u_freq_stats/sum_square_pipe_reg[29]) is unused and will be removed from module demod_pool_core.
WARNING: [Synth 8-3332] Sequential element (u_freq_stats/sum_square_pipe_reg[28]) is unused and will be removed from module demod_pool_core.
WARNING: [Synth 8-3332] Sequential element (u_freq_stats/sum_square_pipe_reg[27]) is unused and will be removed from module demod_pool_core.
WARNING: [Synth 8-3332] Sequential element (u_freq_stats/sum_square_pipe_reg[26]) is unused and will be removed from module demod_pool_core.
WARNING: [Synth 8-3332] Sequential element (u_freq_stats/sum_square_pipe_reg[25]) is unused and will be removed from module demod_pool_core.
WARNING: [Synth 8-3332] Sequential element (u_freq_stats/sum_square_pipe_reg[24]) is unused and will be removed from module demod_pool_core.
WARNING: [Synth 8-3332] Sequential element (u_freq_stats/sum_square_pipe_reg[23]) is unused and will be removed from module demod_pool_core.
WARNING: [Synth 8-3332] Sequential element (u_freq_stats/sum_square_pipe_reg[22]) is unused and will be removed from module demod_pool_core.
WARNING: [Synth 8-3332] Sequential element (u_freq_stats/sum_square_pipe_reg[21]) is unused and will be removed from module demod_pool_core.
WARNING: [Synth 8-3332] Sequential element (u_freq_stats/sum_square_pipe_reg[20]) is unused and will be removed from module demod_pool_core.
WARNING: [Synth 8-3332] Sequential element (u_freq_stats/sum_square_pipe_reg[19]) is unused and will be removed from module demod_pool_core.
WARNING: [Synth 8-3332] Sequential element (u_freq_stats/sum_square_pipe_reg[18]) is unused and will be removed from module demod_pool_core.
WARNING: [Synth 8-3332] Sequential element (u_freq_stats/sum_square_pipe_reg[17]) is unused and will be removed from module demod_pool_core.
WARNING: [Synth 8-3332] Sequential element (u_freq_stats/sum_square_pipe_reg[47]__0) is unused and will be removed from module demod_pool_core.
WARNING: [Synth 8-3332] Sequential element (u_freq_stats/sum_square_pipe_reg[46]__0) is unused and will be removed from module demod_pool_core.
WARNING: [Synth 8-3332] Sequential element (u_freq_stats/sum_square_pipe_reg[45]__0) is unused and will be removed from module demod_pool_core.
WARNING: [Synth 8-3332] Sequential element (u_freq_stats/sum_square_pipe_reg[44]__0) is unused and will be removed from module demod_pool_core.
WARNING: [Synth 8-3332] Sequential element (u_freq_stats/sum_square_pipe_reg[43]__0) is unused and will be removed from module demod_pool_core.
WARNING: [Synth 8-3332] Sequential element (u_freq_stats/sum_square_pipe_reg[42]__0) is unused and will be removed from module demod_pool_core.
WARNING: [Synth 8-3332] Sequential element (u_freq_stats/sum_square_pipe_reg[41]__0) is unused and will be removed from module demod_pool_core.
INFO: [Common 17-14] Message 'Synth 8-3332' appears 100 times and further instances of the messages will be disabled. Use the Tcl command set_msg_config to change the current settings.
INFO: [Synth 8-3886] merging instance 'inst/u_cordic_translate/U0/i_synth/i_synth/gen_cordic.input_stage/gen_rotation.gen_rot_control.gen_nd_cr/gen_rtl.gen_dly.gen_regs.delay_bus_reg[0]' (FDRE) to 'inst/u_cordic_translate/U0/i_synth/i_synth/gen_cordic.cordic_engine/gen_para_arch.gen_iteration[0].eng/cntrl/engine_mode_dly/gen_rtl.gen_reg.d_reg_reg'
INFO: [Synth 8-3886] merging instance 'inst/u_cordic_translate/U0/i_synth/i_synth/gen_cordic.input_stage/gen_rotation.gen_rot_control.gen_nd_cr/gen_rtl.gen_dly.gen_regs.delay_bus_reg[1]' (FDRE) to 'inst/u_cordic_translate/U0/i_synth/i_synth/gen_cordic.cordic_engine/gen_para_arch.gen_iteration[1].eng/cntrl/engine_mode_dly/gen_rtl.gen_reg.d_reg_reg'
INFO: [Synth 8-3886] merging instance 'inst/u_cordic_translate/U0/i_synth/i_synth/gen_cordic.cordic_engine/gen_para_arch.gen_iteration[0].eng/cntrl/cntrl_vect_dly/gen_rtl.gen_reg.d_reg_reg[0]' (FDRE) to 'inst/u_cordic_translate/U0/i_synth/i_synth/gen_cordic.cordic_engine/gen_para_arch.gen_iteration[2].eng/cntrl/engine_mode_dly/gen_rtl.gen_reg.d_reg_reg'
INFO: [Synth 8-3886] merging instance 'inst/u_cordic_translate/U0/i_synth/i_synth/gen_cordic.cordic_engine/gen_para_arch.gen_iteration[1].eng/cntrl/cntrl_vect_dly/gen_rtl.gen_reg.d_reg_reg[0]' (FDRE) to 'inst/u_cordic_translate/U0/i_synth/i_synth/gen_cordic.cordic_engine/gen_para_arch.gen_iteration[3].eng/cntrl/engine_mode_dly/gen_rtl.gen_reg.d_reg_reg'
INFO: [Synth 8-3886] merging instance 'inst/u_cordic_translate/U0/i_synth/i_synth/gen_cordic.input_stage/gen_rotation.gen_rot_xy.gen_data_y_int_dly/gen_rtl.gen_reg.d_reg_reg[0]' (FDRE) to 'inst/u_cordic_translate/U0/i_synth/i_synth/gen_cordic.output_stage/gen_rotation.gen_translate.gen_phase_rot_reg/gen_rtl.gen_reg.d_reg_reg[0]'
INFO: [Synth 8-3886] merging instance 'inst/u_cordic_translate/U0/i_synth/i_synth/gen_cordic.input_stage/gen_rotation.gen_rot_xy.gen_data_x_int_dly/gen_rtl.gen_reg.d_reg_reg[0]' (FDRE) to 'inst/u_cordic_translate/U0/i_synth/i_synth/gen_cordic.output_stage/gen_rotation.gen_translate.gen_phase_rot_reg/gen_rtl.gen_reg.d_reg_reg[0]'
INFO: [Synth 8-3886] merging instance 'inst/u_cordic_translate/U0/i_synth/i_synth/gen_cordic.input_stage/gen_rotation.gen_rot_xy.gen_data_y_int_dly/gen_rtl.gen_reg.d_reg_reg[1]' (FDRE) to 'inst/u_cordic_translate/U0/i_synth/i_synth/gen_cordic.output_stage/gen_rotation.gen_translate.gen_phase_rot_reg/gen_rtl.gen_reg.d_reg_reg[0]'
INFO: [Synth 8-3886] merging instance 'inst/u_cordic_translate/U0/i_synth/i_synth/gen_cordic.input_stage/gen_rotation.gen_rot_xy.gen_data_x_int_dly/gen_rtl.gen_reg.d_reg_reg[1]' (FDRE) to 'inst/u_cordic_translate/U0/i_synth/i_synth/gen_cordic.output_stage/gen_rotation.gen_translate.gen_phase_rot_reg/gen_rtl.gen_reg.d_reg_reg[0]'
INFO: [Synth 8-3886] merging instance 'inst/u_cordic_translate/U0/i_synth/i_synth/gen_cordic.input_stage/gen_rotation.gen_rot_xy.gen_data_y_int_dly/gen_rtl.gen_reg.d_reg_reg[2]' (FDRE) to 'inst/u_cordic_translate/U0/i_synth/i_synth/gen_cordic.output_stage/gen_rotation.gen_translate.gen_phase_rot_reg/gen_rtl.gen_reg.d_reg_reg[0]'
INFO: [Synth 8-3886] merging instance 'inst/u_cordic_translate/U0/i_synth/i_synth/gen_cordic.input_stage/gen_rotation.gen_rot_xy.gen_data_x_int_dly/gen_rtl.gen_reg.d_reg_reg[2]' (FDRE) to 'inst/u_cordic_translate/U0/i_synth/i_synth/gen_cordic.output_stage/gen_rotation.gen_translate.gen_phase_rot_reg/gen_rtl.gen_reg.d_reg_reg[0]'
INFO: [Synth 8-3886] merging instance 'inst/u_cordic_translate/U0/i_synth/i_synth/gen_cordic.input_stage/gen_rotation.gen_rot_xy.gen_data_y_int_dly/gen_rtl.gen_reg.d_reg_reg[3]' (FDRE) to 'inst/u_cordic_translate/U0/i_synth/i_synth/gen_cordic.output_stage/gen_rotation.gen_translate.gen_phase_rot_reg/gen_rtl.gen_reg.d_reg_reg[0]'
INFO: [Synth 8-3886] merging instance 'inst/u_cordic_translate/U0/i_synth/i_synth/gen_cordic.input_stage/gen_rotation.gen_rot_xy.gen_data_x_int_dly/gen_rtl.gen_reg.d_reg_reg[3]' (FDRE) to 'inst/u_cordic_translate/U0/i_synth/i_synth/gen_cordic.output_stage/gen_rotation.gen_translate.gen_phase_rot_reg/gen_rtl.gen_reg.d_reg_reg[0]'
INFO: [Synth 8-3886] merging instance 'inst/u_cordic_translate/U0/i_synth/i_synth/gen_cordic.input_stage/gen_rotation.gen_rot_xy.gen_data_y_int_dly/gen_rtl.gen_reg.d_reg_reg[4]' (FDRE) to 'inst/u_cordic_translate/U0/i_synth/i_synth/gen_cordic.output_stage/gen_rotation.gen_translate.gen_phase_rot_reg/gen_rtl.gen_reg.d_reg_reg[0]'
INFO: [Synth 8-3886] merging instance 'inst/u_cordic_translate/U0/i_synth/i_synth/gen_cordic.input_stage/gen_rotation.gen_rot_xy.gen_data_x_int_dly/gen_rtl.gen_reg.d_reg_reg[4]' (FDRE) to 'inst/u_cordic_translate/U0/i_synth/i_synth/gen_cordic.output_stage/gen_rotation.gen_translate.gen_phase_rot_reg/gen_rtl.gen_reg.d_reg_reg[0]'
INFO: [Synth 8-3886] merging instance 'inst/u_cordic_translate/U0/i_synth/i_synth/gen_cordic.input_stage/gen_rotation.gen_rot_xy.gen_data_y_int_dly/gen_rtl.gen_reg.d_reg_reg[5]' (FDRE) to 'inst/u_cordic_translate/U0/i_synth/i_synth/gen_cordic.output_stage/gen_rotation.gen_translate.gen_phase_rot_reg/gen_rtl.gen_reg.d_reg_reg[0]'
INFO: [Synth 8-3886] merging instance 'inst/u_cordic_translate/U0/i_synth/i_synth/gen_cordic.input_stage/gen_rotation.gen_rot_xy.gen_data_x_int_dly/gen_rtl.gen_reg.d_reg_reg[5]' (FDRE) to 'inst/u_cordic_translate/U0/i_synth/i_synth/gen_cordic.output_stage/gen_rotation.gen_translate.gen_phase_rot_reg/gen_rtl.gen_reg.d_reg_reg[0]'
INFO: [Synth 8-3886] merging instance 'inst/u_cordic_translate/U0/i_synth/i_synth/gen_cordic.input_stage/gen_rotation.gen_rot_xy.gen_data_y_int_dly/gen_rtl.gen_reg.d_reg_reg[6]' (FDRE) to 'inst/u_cordic_translate/U0/i_synth/i_synth/gen_cordic.output_stage/gen_rotation.gen_translate.gen_phase_rot_reg/gen_rtl.gen_reg.d_reg_reg[0]'
INFO: [Synth 8-3886] merging instance 'inst/u_cordic_translate/U0/i_synth/i_synth/gen_cordic.input_stage/gen_rotation.gen_rot_xy.gen_data_x_int_dly/gen_rtl.gen_reg.d_reg_reg[6]' (FDRE) to 'inst/u_cordic_translate/U0/i_synth/i_synth/gen_cordic.output_stage/gen_rotation.gen_translate.gen_phase_rot_reg/gen_rtl.gen_reg.d_reg_reg[0]'
INFO: [Synth 8-3886] merging instance 'inst/u_cordic_translate/U0/i_synth/i_synth/gen_cordic.input_stage/gen_rotation.gen_rot_xy.gen_data_y_int_dly/gen_rtl.gen_reg.d_reg_reg[7]' (FDRE) to 'inst/u_cordic_translate/U0/i_synth/i_synth/gen_cordic.output_stage/gen_rotation.gen_translate.gen_phase_rot_reg/gen_rtl.gen_reg.d_reg_reg[0]'
INFO: [Synth 8-3886] merging instance 'inst/u_cordic_translate/U0/i_synth/i_synth/gen_cordic.input_stage/gen_rotation.gen_rot_xy.gen_data_x_int_dly/gen_rtl.gen_reg.d_reg_reg[7]' (FDRE) to 'inst/u_cordic_translate/U0/i_synth/i_synth/gen_cordic.output_stage/gen_rotation.gen_translate.gen_phase_rot_reg/gen_rtl.gen_reg.d_reg_reg[0]'
INFO: [Synth 8-3886] merging instance 'inst/u_cordic_translate/U0/i_synth/i_synth/gen_cordic.input_stage/gen_rotation.gen_rot_xy.gen_data_y_int_dly/gen_rtl.gen_reg.d_reg_reg[8]' (FDRE) to 'inst/u_cordic_translate/U0/i_synth/i_synth/gen_cordic.output_stage/gen_rotation.gen_translate.gen_phase_rot_reg/gen_rtl.gen_reg.d_reg_reg[0]'
INFO: [Synth 8-3886] merging instance 'inst/u_cordic_translate/U0/i_synth/i_synth/gen_cordic.input_stage/gen_rotation.gen_rot_xy.gen_data_x_int_dly/gen_rtl.gen_reg.d_reg_reg[8]' (FDRE) to 'inst/u_cordic_translate/U0/i_synth/i_synth/gen_cordic.output_stage/gen_rotation.gen_translate.gen_phase_rot_reg/gen_rtl.gen_reg.d_reg_reg[0]'
INFO: [Synth 8-3886] merging instance 'inst/u_cordic_translate/U0/i_synth/i_synth/gen_cordic.input_stage/gen_rotation.gen_rot_xy.gen_data_y_int_dly/gen_rtl.gen_reg.d_reg_reg[9]' (FDRE) to 'inst/u_cordic_translate/U0/i_synth/i_synth/gen_cordic.output_stage/gen_rotation.gen_translate.gen_phase_rot_reg/gen_rtl.gen_reg.d_reg_reg[0]'
INFO: [Synth 8-3886] merging instance 'inst/u_cordic_translate/U0/i_synth/i_synth/gen_cordic.input_stage/gen_rotation.gen_rot_xy.gen_data_x_int_dly/gen_rtl.gen_reg.d_reg_reg[9]' (FDRE) to 'inst/u_cordic_translate/U0/i_synth/i_synth/gen_cordic.output_stage/gen_rotation.gen_translate.gen_phase_rot_reg/gen_rtl.gen_reg.d_reg_reg[0]'
INFO: [Synth 8-3886] merging instance 'inst/u_cordic_translate/U0/i_synth/i_synth/gen_cordic.input_stage/gen_rotation.gen_rot_xy.gen_data_y_int_dly/gen_rtl.gen_reg.d_reg_reg[10]' (FDRE) to 'inst/u_cordic_translate/U0/i_synth/i_synth/gen_cordic.output_stage/gen_rotation.gen_translate.gen_phase_rot_reg/gen_rtl.gen_reg.d_reg_reg[0]'
INFO: [Synth 8-3886] merging instance 'inst/u_cordic_translate/U0/i_synth/i_synth/gen_cordic.input_stage/gen_rotation.gen_rot_xy.gen_data_x_int_dly/gen_rtl.gen_reg.d_reg_reg[10]' (FDRE) to 'inst/u_cordic_translate/U0/i_synth/i_synth/gen_cordic.output_stage/gen_rotation.gen_translate.gen_phase_rot_reg/gen_rtl.gen_reg.d_reg_reg[0]'
INFO: [Synth 8-3886] merging instance 'inst/u_cordic_translate/U0/i_synth/i_synth/gen_cordic.input_stage/gen_rotation.gen_rot_xy.gen_data_y_int_dly/gen_rtl.gen_reg.d_reg_reg[11]' (FDRE) to 'inst/u_cordic_translate/U0/i_synth/i_synth/gen_cordic.output_stage/gen_rotation.gen_translate.gen_phase_rot_reg/gen_rtl.gen_reg.d_reg_reg[0]'
INFO: [Synth 8-3886] merging instance 'inst/u_cordic_translate/U0/i_synth/i_synth/gen_cordic.input_stage/gen_rotation.gen_rot_xy.gen_data_x_int_dly/gen_rtl.gen_reg.d_reg_reg[11]' (FDRE) to 'inst/u_cordic_translate/U0/i_synth/i_synth/gen_cordic.output_stage/gen_rotation.gen_translate.gen_phase_rot_reg/gen_rtl.gen_reg.d_reg_reg[0]'
INFO: [Synth 8-3886] merging instance 'inst/u_cordic_translate/U0/i_synth/i_synth/gen_cordic.input_stage/gen_rotation.gen_rot_xy.gen_data_y_int_dly/gen_rtl.gen_reg.d_reg_reg[12]' (FDRE) to 'inst/u_cordic_translate/U0/i_synth/i_synth/gen_cordic.output_stage/gen_rotation.gen_translate.gen_phase_rot_reg/gen_rtl.gen_reg.d_reg_reg[0]'
INFO: [Synth 8-3886] merging instance 'inst/u_cordic_translate/U0/i_synth/i_synth/gen_cordic.input_stage/gen_rotation.gen_rot_xy.gen_data_x_int_dly/gen_rtl.gen_reg.d_reg_reg[12]' (FDRE) to 'inst/u_cordic_translate/U0/i_synth/i_synth/gen_cordic.output_stage/gen_rotation.gen_translate.gen_phase_rot_reg/gen_rtl.gen_reg.d_reg_reg[0]'
INFO: [Synth 8-3886] merging instance 'inst/u_cordic_translate/U0/i_synth/i_synth/gen_cordic.cordic_engine/gen_para_arch.gen_iteration[2].eng/cntrl/cntrl_vect_dly/gen_rtl.gen_reg.d_reg_reg[0]' (FDRE) to 'inst/u_cordic_translate/U0/i_synth/i_synth/gen_cordic.cordic_engine/gen_para_arch.gen_iteration[4].eng/cntrl/engine_mode_dly/gen_rtl.gen_reg.d_reg_reg'
INFO: [Synth 8-3886] merging instance 'inst/u_cordic_translate/U0/i_synth/i_synth/gen_cordic.cordic_engine/gen_para_arch.gen_iteration[3].eng/cntrl/cntrl_vect_dly/gen_rtl.gen_reg.d_reg_reg[0]' (FDRE) to 'inst/u_cordic_translate/U0/i_synth/i_synth/gen_cordic.cordic_engine/gen_para_arch.gen_iteration[5].eng/cntrl/engine_mode_dly/gen_rtl.gen_reg.d_reg_reg'
INFO: [Synth 8-3886] merging instance 'inst/u_cordic_translate/U0/i_synth/i_synth/gen_cordic.cordic_engine/gen_para_arch.gen_iteration[4].eng/cntrl/cntrl_vect_dly/gen_rtl.gen_reg.d_reg_reg[0]' (FDRE) to 'inst/u_cordic_translate/U0/i_synth/i_synth/gen_cordic.cordic_engine/gen_para_arch.gen_iteration[6].eng/cntrl/engine_mode_dly/gen_rtl.gen_reg.d_reg_reg'
INFO: [Synth 8-3886] merging instance 'inst/u_cordic_translate/U0/i_synth/i_synth/gen_cordic.cordic_engine/gen_para_arch.gen_iteration[5].eng/cntrl/cntrl_vect_dly/gen_rtl.gen_reg.d_reg_reg[0]' (FDRE) to 'inst/u_cordic_translate/U0/i_synth/i_synth/gen_cordic.cordic_engine/gen_para_arch.gen_iteration[7].eng/cntrl/engine_mode_dly/gen_rtl.gen_reg.d_reg_reg'
INFO: [Synth 8-3886] merging instance 'inst/u_cordic_translate/U0/i_synth/i_synth/gen_cordic.cordic_engine/gen_para_arch.gen_iteration[6].eng/cntrl/cntrl_vect_dly/gen_rtl.gen_reg.d_reg_reg[0]' (FDRE) to 'inst/u_cordic_translate/U0/i_synth/i_synth/gen_cordic.cordic_engine/gen_para_arch.gen_iteration[8].eng/cntrl/engine_mode_dly/gen_rtl.gen_reg.d_reg_reg'
INFO: [Synth 8-3886] merging instance 'inst/u_cordic_translate/U0/i_synth/i_synth/gen_cordic.cordic_engine/gen_para_arch.gen_iteration[7].eng/cntrl/cntrl_vect_dly/gen_rtl.gen_reg.d_reg_reg[0]' (FDRE) to 'inst/u_cordic_translate/U0/i_synth/i_synth/gen_cordic.cordic_engine/gen_para_arch.gen_iteration[9].eng/cntrl/engine_mode_dly/gen_rtl.gen_reg.d_reg_reg'
INFO: [Synth 8-3886] merging instance 'inst/u_cordic_translate/U0/i_synth/i_synth/gen_cordic.cordic_engine/gen_para_arch.gen_iteration[8].eng/cntrl/cntrl_vect_dly/gen_rtl.gen_reg.d_reg_reg[0]' (FDRE) to 'inst/u_cordic_translate/U0/i_synth/i_synth/gen_cordic.cordic_engine/gen_para_arch.gen_iteration[10].eng/cntrl/engine_mode_dly/gen_rtl.gen_reg.d_reg_reg'
INFO: [Synth 8-3886] merging instance 'inst/u_cordic_translate/U0/i_synth/i_synth/gen_cordic.cordic_engine/gen_para_arch.gen_iteration[9].eng/cntrl/cntrl_vect_dly/gen_rtl.gen_reg.d_reg_reg[0]' (FDRE) to 'inst/u_cordic_translate/U0/i_synth/i_synth/gen_cordic.cordic_engine/gen_para_arch.gen_iteration[11].eng/cntrl/engine_mode_dly/gen_rtl.gen_reg.d_reg_reg'
INFO: [Synth 8-3886] merging instance 'inst/u_cordic_translate/U0/i_synth/i_synth/gen_cordic.cordic_engine/gen_para_arch.gen_iteration[10].eng/cntrl/cntrl_vect_dly/gen_rtl.gen_reg.d_reg_reg[0]' (FDRE) to 'inst/u_cordic_translate/U0/i_synth/i_synth/gen_cordic.cordic_engine/gen_para_arch.gen_iteration[12].eng/cntrl/engine_mode_dly/gen_rtl.gen_reg.d_reg_reg'
INFO: [Synth 8-3886] merging instance 'inst/u_cordic_translate/U0/i_synth/i_synth/gen_cordic.cordic_engine/gen_para_arch.gen_iteration[11].eng/cntrl/cntrl_vect_dly/gen_rtl.gen_reg.d_reg_reg[0]' (FDRE) to 'inst/u_cordic_translate/U0/i_synth/i_synth/gen_cordic.cordic_engine/gen_para_arch.gen_iteration[13].eng/cntrl/engine_mode_dly/gen_rtl.gen_reg.d_reg_reg'
INFO: [Synth 8-3886] merging instance 'inst/u_cordic_translate/U0/i_synth/i_synth/gen_cordic.cordic_engine/gen_para_arch.gen_iteration[12].eng/cntrl/cntrl_vect_dly/gen_rtl.gen_reg.d_reg_reg[0]' (FDRE) to 'inst/u_cordic_translate/U0/i_synth/i_synth/gen_cordic.cordic_engine/gen_para_arch.gen_iteration[14].eng/cntrl/engine_mode_dly/gen_rtl.gen_reg.d_reg_reg'
INFO: [Synth 8-3886] merging instance 'inst/u_cordic_translate/U0/i_synth/i_synth/gen_cordic.cordic_engine/gen_para_arch.gen_iteration[13].eng/cntrl/cntrl_vect_dly/gen_rtl.gen_reg.d_reg_reg[0]' (FDRE) to 'inst/u_cordic_translate/U0/i_synth/i_synth/gen_cordic.cordic_engine/gen_para_arch.gen_iteration[15].eng/cntrl/engine_mode_dly/gen_rtl.gen_reg.d_reg_reg'
INFO: [Synth 8-3886] merging instance 'inst/u_cordic_translate/U0/i_synth/i_synth/gen_cordic.cordic_engine/gen_para_arch.gen_iteration[14].eng/cntrl/cntrl_vect_dly/gen_rtl.gen_reg.d_reg_reg[0]' (FDRE) to 'inst/u_cordic_translate/U0/i_synth/i_synth/gen_cordic.cordic_engine/gen_para_arch.gen_iteration[16].eng/cntrl/engine_mode_dly/gen_rtl.gen_reg.d_reg_reg'
INFO: [Synth 8-3886] merging instance 'inst/u_cordic_translate/U0/i_synth/i_synth/gen_cordic.cordic_engine/gen_para_arch.gen_iteration[15].eng/cntrl/cntrl_vect_dly/gen_rtl.gen_reg.d_reg_reg[0]' (FDRE) to 'inst/u_cordic_translate/U0/i_synth/i_synth/gen_cordic.cordic_engine/gen_para_arch.gen_iteration[17].eng/cntrl/engine_mode_dly/gen_rtl.gen_reg.d_reg_reg'
INFO: [Synth 8-3886] merging instance 'inst/u_cordic_translate/U0/i_synth/i_synth/gen_cordic.cordic_engine/gen_para_arch.gen_iteration[16].eng/cntrl/cntrl_vect_dly/gen_rtl.gen_reg.d_reg_reg[0]' (FDRE) to 'inst/u_cordic_translate/U0/i_synth/i_synth/gen_cordic.cordic_engine/gen_para_arch.gen_iteration[18].eng/cntrl/engine_mode_dly/gen_rtl.gen_reg.d_reg_reg'
INFO: [Synth 8-3886] merging instance 'inst/u_cordic_translate/U0/i_synth/i_synth/gen_cordic.cordic_engine/gen_para_arch.gen_iteration[17].eng/cntrl/cntrl_vect_dly/gen_rtl.gen_reg.d_reg_reg[0]' (FDRE) to 'inst/u_cordic_translate/U0/i_synth/i_synth/gen_cordic.cordic_engine/gen_para_arch.gen_iteration[19].eng/cntrl/engine_mode_dly/gen_rtl.gen_reg.d_reg_reg'
INFO: [Synth 8-3886] merging instance 'inst/u_cordic_translate/U0/i_synth/i_synth/gen_cordic.cordic_engine/gen_para_arch.gen_iteration[18].eng/cntrl/cntrl_vect_dly/gen_rtl.gen_reg.d_reg_reg[0]' (FDRE) to 'inst/u_cordic_translate/U0/i_synth/i_synth/gen_cordic.cordic_engine/gen_para_arch.gen_iteration[20].eng/cntrl/engine_mode_dly/gen_rtl.gen_reg.d_reg_reg'
INFO: [Synth 8-3886] merging instance 'inst/u_cordic_translate/U0/i_synth/i_synth/gen_cordic.output_stage/gen_rotation.gen_translate.gen_phase_rot_reg/gen_rtl.gen_reg.d_reg_reg[0]' (FDRE) to 'inst/u_cordic_translate/U0/i_synth/i_synth/gen_cordic.output_stage/gen_rotation.gen_translate.gen_phase_rot_reg/gen_rtl.gen_reg.d_reg_reg[1]'
INFO: [Synth 8-3886] merging instance 'inst/u_cordic_translate/U0/i_synth/i_synth/gen_cordic.output_stage/gen_rotation.gen_translate.gen_phase_rot_reg/gen_rtl.gen_reg.d_reg_reg[1]' (FDRE) to 'inst/u_cordic_translate/U0/i_synth/i_synth/gen_cordic.output_stage/gen_rotation.gen_translate.gen_phase_rot_reg/gen_rtl.gen_reg.d_reg_reg[2]'
INFO: [Synth 8-3886] merging instance 'inst/u_cordic_translate/U0/i_synth/i_synth/gen_cordic.output_stage/gen_rotation.gen_translate.gen_phase_rot_reg/gen_rtl.gen_reg.d_reg_reg[2]' (FDRE) to 'inst/u_cordic_translate/U0/i_synth/i_synth/gen_cordic.output_stage/gen_rotation.gen_translate.gen_phase_rot_reg/gen_rtl.gen_reg.d_reg_reg[3]'
INFO: [Synth 8-3886] merging instance 'inst/u_cordic_translate/U0/i_synth/i_synth/gen_cordic.output_stage/gen_rotation.gen_translate.gen_phase_rot_reg/gen_rtl.gen_reg.d_reg_reg[3]' (FDRE) to 'inst/u_cordic_translate/U0/i_synth/i_synth/gen_cordic.output_stage/gen_rotation.gen_translate.gen_phase_rot_reg/gen_rtl.gen_reg.d_reg_reg[4]'
INFO: [Synth 8-3886] merging instance 'inst/u_cordic_translate/U0/i_synth/i_synth/gen_cordic.output_stage/gen_rotation.gen_translate.gen_phase_rot_reg/gen_rtl.gen_reg.d_reg_reg[4]' (FDRE) to 'inst/u_cordic_translate/U0/i_synth/i_synth/gen_cordic.output_stage/gen_rotation.gen_translate.gen_phase_rot_reg/gen_rtl.gen_reg.d_reg_reg[5]'
INFO: [Synth 8-3886] merging instance 'inst/u_cordic_translate/U0/i_synth/i_synth/gen_cordic.output_stage/gen_rotation.gen_translate.gen_phase_rot_reg/gen_rtl.gen_reg.d_reg_reg[5]' (FDRE) to 'inst/u_cordic_translate/U0/i_synth/i_synth/gen_cordic.output_stage/gen_rotation.gen_translate.gen_phase_rot_reg/gen_rtl.gen_reg.d_reg_reg[6]'
INFO: [Synth 8-3886] merging instance 'inst/u_cordic_translate/U0/i_synth/i_synth/gen_cordic.output_stage/gen_rotation.gen_translate.gen_phase_rot_reg/gen_rtl.gen_reg.d_reg_reg[6]' (FDRE) to 'inst/u_cordic_translate/U0/i_synth/i_synth/gen_cordic.output_stage/gen_rotation.gen_translate.gen_phase_rot_reg/gen_rtl.gen_reg.d_reg_reg[7]'
INFO: [Synth 8-3886] merging instance 'inst/u_cordic_translate/U0/i_synth/i_synth/gen_cordic.output_stage/gen_rotation.gen_translate.gen_phase_rot_reg/gen_rtl.gen_reg.d_reg_reg[7]' (FDRE) to 'inst/u_cordic_translate/U0/i_synth/i_synth/gen_cordic.output_stage/gen_rotation.gen_translate.gen_phase_rot_reg/gen_rtl.gen_reg.d_reg_reg[8]'
INFO: [Synth 8-3886] merging instance 'inst/u_cordic_translate/U0/i_synth/i_synth/gen_cordic.output_stage/gen_rotation.gen_translate.gen_phase_rot_reg/gen_rtl.gen_reg.d_reg_reg[8]' (FDRE) to 'inst/u_cordic_translate/U0/i_synth/i_synth/gen_cordic.output_stage/gen_rotation.gen_translate.gen_phase_rot_reg/gen_rtl.gen_reg.d_reg_reg[9]'
INFO: [Synth 8-3886] merging instance 'inst/u_cordic_translate/U0/i_synth/i_synth/gen_cordic.output_stage/gen_rotation.gen_translate.gen_phase_rot_reg/gen_rtl.gen_reg.d_reg_reg[9]' (FDRE) to 'inst/u_cordic_translate/U0/i_synth/i_synth/gen_cordic.output_stage/gen_rotation.gen_translate.gen_phase_rot_reg/gen_rtl.gen_reg.d_reg_reg[10]'
INFO: [Synth 8-3886] merging instance 'inst/u_cordic_translate/U0/i_synth/i_synth/gen_cordic.output_stage/gen_rotation.gen_translate.gen_phase_rot_reg/gen_rtl.gen_reg.d_reg_reg[10]' (FDRE) to 'inst/u_cordic_translate/U0/i_synth/i_synth/gen_cordic.output_stage/gen_rotation.gen_translate.gen_phase_rot_reg/gen_rtl.gen_reg.d_reg_reg[11]'
INFO: [Synth 8-3886] merging instance 'inst/u_cordic_translate/U0/i_synth/i_synth/gen_cordic.output_stage/gen_rotation.gen_translate.gen_phase_rot_reg/gen_rtl.gen_reg.d_reg_reg[11]' (FDRE) to 'inst/u_cordic_translate/U0/i_synth/i_synth/gen_cordic.output_stage/gen_rotation.gen_translate.gen_phase_rot_reg/gen_rtl.gen_reg.d_reg_reg[12]'
INFO: [Synth 8-3886] merging instance 'inst/u_cordic_translate/U0/i_synth/i_synth/gen_cordic.output_stage/gen_rotation.gen_translate.gen_phase_rot_reg/gen_rtl.gen_reg.d_reg_reg[12]' (FDRE) to 'inst/u_cordic_translate/U0/i_synth/i_synth/gen_cordic.output_stage/gen_rotation.gen_translate.gen_phase_rot_reg/gen_rtl.gen_reg.d_reg_reg[13]'
INFO: [Synth 8-3886] merging instance 'inst/u_cordic_translate/U0/i_synth/i_synth/gen_cordic.output_stage/gen_rotation.gen_translate.gen_phase_rot_reg/gen_rtl.gen_reg.d_reg_reg[13]' (FDRE) to 'inst/u_cordic_translate/U0/i_synth/i_synth/gen_cordic.output_stage/gen_rotation.gen_translate.gen_phase_rot_reg/gen_rtl.gen_reg.d_reg_reg[14]'
INFO: [Synth 8-3886] merging instance 'inst/u_cordic_translate/U0/i_synth/i_synth/gen_cordic.output_stage/gen_rotation.gen_translate.gen_phase_rot_reg/gen_rtl.gen_reg.d_reg_reg[14]' (FDRE) to 'inst/u_cordic_translate/U0/i_synth/i_synth/gen_cordic.output_stage/gen_rotation.gen_translate.gen_phase_rot_reg/gen_rtl.gen_reg.d_reg_reg[15]'
INFO: [Synth 8-3886] merging instance 'inst/u_cordic_translate/U0/i_synth/i_synth/gen_cordic.output_stage/gen_rotation.gen_translate.gen_phase_rot_reg/gen_rtl.gen_reg.d_reg_reg[15]' (FDRE) to 'inst/u_cordic_translate/U0/i_synth/i_synth/gen_cordic.output_stage/gen_rotation.gen_translate.gen_phase_rot_reg/gen_rtl.gen_reg.d_reg_reg[16]'
INFO: [Synth 8-3886] merging instance 'inst/u_cordic_translate/U0/i_synth/i_synth/gen_cordic.output_stage/gen_rotation.gen_translate.gen_phase_rot_reg/gen_rtl.gen_reg.d_reg_reg[16]' (FDRE) to 'inst/u_cordic_translate/U0/i_synth/i_synth/gen_cordic.output_stage/gen_rotation.gen_translate.gen_phase_rot_reg/gen_rtl.gen_reg.d_reg_reg[17]'
INFO: [Synth 8-3886] merging instance 'inst/u_cordic_translate/U0/i_synth/i_synth/gen_cordic.output_stage/gen_rotation.gen_translate.gen_phase_rot_reg/gen_rtl.gen_reg.d_reg_reg[17]' (FDRE) to 'inst/u_cordic_translate/U0/i_synth/i_synth/gen_cordic.output_stage/gen_rotation.gen_translate.gen_phase_rot_reg/gen_rtl.gen_reg.d_reg_reg[18]'
INFO: [Synth 8-3886] merging instance 'inst/u_cordic_translate/U0/i_synth/i_synth/gen_cordic.output_stage/gen_rotation.gen_translate.gen_phase_rot_reg/gen_rtl.gen_reg.d_reg_reg[18]' (FDRE) to 'inst/u_cordic_translate/U0/i_synth/i_synth/gen_cordic.output_stage/gen_rotation.gen_translate.gen_phase_rot_reg/gen_rtl.gen_reg.d_reg_reg[19]'
INFO: [Synth 8-3886] merging instance 'inst/u_cordic_translate/U0/i_synth/i_synth/gen_cordic.output_stage/gen_rotation.gen_translate.gen_phase_rot_reg/gen_rtl.gen_reg.d_reg_reg[19]' (FDRE) to 'inst/u_cordic_translate/U0/i_synth/i_synth/gen_cordic.output_stage/gen_rotation.gen_translate.gen_phase_rot_reg/gen_rtl.gen_reg.d_reg_reg[20]'
INFO: [Synth 8-3886] merging instance 'inst/u_cordic_translate/U0/i_synth/i_synth/gen_cordic.output_stage/gen_rotation.gen_translate.gen_phase_rot_reg/gen_rtl.gen_reg.d_reg_reg[20]' (FDRE) to 'inst/u_cordic_translate/U0/i_synth/i_synth/gen_cordic.output_stage/gen_rotation.gen_translate.gen_phase_rot_reg/gen_rtl.gen_reg.d_reg_reg[21]'
INFO: [Synth 8-3886] merging instance 'inst/u_cordic_translate/U0/i_synth/i_synth/gen_cordic.output_stage/gen_rotation.gen_translate.gen_phase_rot_reg/gen_rtl.gen_reg.d_reg_reg[21]' (FDRE) to 'inst/u_cordic_translate/U0/i_synth/i_synth/gen_cordic.output_stage/gen_rotation.gen_translate.gen_phase_rot_reg/gen_rtl.gen_reg.d_reg_reg[22]'
INFO: [Synth 8-3886] merging instance 'inst/u_cordic_translate/U0/i_synth/i_synth/gen_cordic.output_stage/gen_rotation.gen_translate.gen_phase_rot_reg/gen_rtl.gen_reg.d_reg_reg[22]' (FDRE) to 'inst/u_cordic_translate/U0/i_synth/i_synth/gen_cordic.output_stage/gen_rotation.gen_translate.gen_phase_rot_reg/gen_rtl.gen_reg.d_reg_reg[23]'
INFO: [Common 17-14] Message 'Synth 8-3886' appears 100 times and further instances of the messages will be disabled. Use the Tcl command set_msg_config to change the current settings.
INFO: [Synth 8-3333] propagating constant 0 across sequential element (inst/u_cordic_translate/U0/i_synth/\i_synth/gen_cordic.output_stage/gen_rotation.gen_translate.gen_phase_rot_reg/gen_rtl.gen_reg.d_reg_reg[24] )
INFO: [Synth 8-3333] propagating constant 0 across sequential element (inst/u_cordic_translate/U0/i_synth/\i_synth/gen_cordic.output_stage/gen_scaling.gen_x_out.scale/multiplier /\gCCM.iCCM/emb_mult_ccm.dsp_ccm.dsp48_array/use_prim.iBdelx[1].iBdely[1].need_delay_line.Bdelay/dN.std_srl.shift_reg_reg[0][10] )
INFO: [Synth 8-3333] propagating constant 0 across sequential element (inst/u_cordic_translate/U0/i_synth/\i_synth/gen_cordic.output_stage/gen_scaling.gen_x_out.scale/multiplier /\gCCM.iCCM/emb_mult_ccm.dsp_ccm.dsp48_array/use_prim.iBdelx[1].iBdely[1].need_delay_line.Bdelay/dN.std_srl.shift_reg_reg[0][10] )
---------------------------------------------------------------------------------
Finished Cross Boundary and Area Optimization : Time (s): cpu = 00:00:34 ; elapsed = 00:00:37 . Memory (MB): peak = 925.086 ; gain = 544.441
---------------------------------------------------------------------------------

Report RTL Partitions: 
+-+--------------+------------+----------+
| |RTL Partition |Replication |Instances |
+-+--------------+------------+----------+
+-+--------------+------------+----------+
---------------------------------------------------------------------------------
Start Applying XDC Timing Constraints
---------------------------------------------------------------------------------
---------------------------------------------------------------------------------
Finished Applying XDC Timing Constraints : Time (s): cpu = 00:00:40 ; elapsed = 00:00:44 . Memory (MB): peak = 995.613 ; gain = 614.969
---------------------------------------------------------------------------------
---------------------------------------------------------------------------------
Start Timing Optimization
---------------------------------------------------------------------------------
---------------------------------------------------------------------------------
Finished Timing Optimization : Time (s): cpu = 00:00:43 ; elapsed = 00:00:46 . Memory (MB): peak = 1102.891 ; gain = 722.246
---------------------------------------------------------------------------------

Report RTL Partitions: 
+-+--------------+------------+----------+
| |RTL Partition |Replication |Instances |
+-+--------------+------------+----------+
+-+--------------+------------+----------+
---------------------------------------------------------------------------------
Start Technology Mapping
---------------------------------------------------------------------------------
---------------------------------------------------------------------------------
Finished Technology Mapping : Time (s): cpu = 00:00:46 ; elapsed = 00:00:49 . Memory (MB): peak = 1103.930 ; gain = 723.285
---------------------------------------------------------------------------------

Report RTL Partitions: 
+-+--------------+------------+----------+
| |RTL Partition |Replication |Instances |
+-+--------------+------------+----------+
+-+--------------+------------+----------+
---------------------------------------------------------------------------------
Start IO Insertion
---------------------------------------------------------------------------------
---------------------------------------------------------------------------------
Start Flattening Before IO Insertion
---------------------------------------------------------------------------------
---------------------------------------------------------------------------------
Finished Flattening Before IO Insertion
---------------------------------------------------------------------------------
---------------------------------------------------------------------------------
Start Final Netlist Cleanup
---------------------------------------------------------------------------------
---------------------------------------------------------------------------------
Finished Final Netlist Cleanup
---------------------------------------------------------------------------------
---------------------------------------------------------------------------------
Finished IO Insertion : Time (s): cpu = 00:00:47 ; elapsed = 00:00:50 . Memory (MB): peak = 1103.930 ; gain = 723.285
---------------------------------------------------------------------------------

Report Check Netlist: 
+------+------------------+-------+---------+-------+------------------+
|      |Item              |Errors |Warnings |Status |Description       |
+------+------------------+-------+---------+-------+------------------+
|1     |multi_driven_nets |      0|        0|Passed |Multi driven nets |
+------+------------------+-------+---------+-------+------------------+
---------------------------------------------------------------------------------
Start Renaming Generated Instances
---------------------------------------------------------------------------------
---------------------------------------------------------------------------------
Finished Renaming Generated Instances : Time (s): cpu = 00:00:47 ; elapsed = 00:00:50 . Memory (MB): peak = 1103.930 ; gain = 723.285
---------------------------------------------------------------------------------

Report RTL Partitions: 
+-+--------------+------------+----------+
| |RTL Partition |Replication |Instances |
+-+--------------+------------+----------+
+-+--------------+------------+----------+
---------------------------------------------------------------------------------
Start Rebuilding User Hierarchy
---------------------------------------------------------------------------------
---------------------------------------------------------------------------------
Finished Rebuilding User Hierarchy : Time (s): cpu = 00:00:47 ; elapsed = 00:00:51 . Memory (MB): peak = 1103.930 ; gain = 723.285
---------------------------------------------------------------------------------
---------------------------------------------------------------------------------
Start Renaming Generated Ports
---------------------------------------------------------------------------------
---------------------------------------------------------------------------------
Finished Renaming Generated Ports : Time (s): cpu = 00:00:47 ; elapsed = 00:00:51 . Memory (MB): peak = 1103.930 ; gain = 723.285
---------------------------------------------------------------------------------
---------------------------------------------------------------------------------
Start Handling Custom Attributes
---------------------------------------------------------------------------------
---------------------------------------------------------------------------------
Finished Handling Custom Attributes : Time (s): cpu = 00:00:47 ; elapsed = 00:00:51 . Memory (MB): peak = 1103.930 ; gain = 723.285
---------------------------------------------------------------------------------
---------------------------------------------------------------------------------
Start Renaming Generated Nets
---------------------------------------------------------------------------------
---------------------------------------------------------------------------------
Finished Renaming Generated Nets : Time (s): cpu = 00:00:47 ; elapsed = 00:00:51 . Memory (MB): peak = 1103.930 ; gain = 723.285
---------------------------------------------------------------------------------
---------------------------------------------------------------------------------
Start Writing Synthesis Report
---------------------------------------------------------------------------------

Report BlackBoxes: 
+-+--------------+----------+
| |BlackBox name |Instances |
+-+--------------+----------+
+-+--------------+----------+

Report Cell Usage: 
+------+----------+------+
|      |Cell      |Count |
+------+----------+------+
|1     |CARRY4    |   476|
|2     |DSP48E1   |     1|
|3     |DSP48E1_1 |     1|
|4     |DSP48E1_2 |     1|
|5     |DSP48E1_3 |     1|
|6     |DSP48E1_4 |     5|
|7     |DSP48E1_5 |     4|
|8     |DSP48E1_6 |     1|
|9     |LUT1      |   194|
|10    |LUT2      |  1220|
|11    |LUT3      |  1368|
|12    |LUT4      |   127|
|13    |LUT5      |   124|
|14    |LUT6      |   654|
|15    |MUXCY     |  2018|
|16    |MUXF7     |   176|
|17    |MUXF8     |    64|
|18    |SRL16E    |    29|
|19    |SRLC32E   |    99|
|20    |XORCY     |  2000|
|21    |FDRE      |  5348|
|22    |FDSE      |     8|
+------+----------+------+
---------------------------------------------------------------------------------
Finished Writing Synthesis Report : Time (s): cpu = 00:00:47 ; elapsed = 00:00:51 . Memory (MB): peak = 1103.930 ; gain = 723.285
---------------------------------------------------------------------------------
Synthesis finished with 0 errors, 0 critical warnings and 541 warnings.
Synthesis Optimization Runtime : Time (s): cpu = 00:00:21 ; elapsed = 00:00:45 . Memory (MB): peak = 1103.930 ; gain = 461.445
Synthesis Optimization Complete : Time (s): cpu = 00:00:47 ; elapsed = 00:00:51 . Memory (MB): peak = 1103.930 ; gain = 723.285
INFO: [Project 1-571] Translating synthesized netlist
INFO: [Netlist 29-17] Analyzing 4748 Unisim elements for replacement
INFO: [Netlist 29-28] Unisim Transformation completed in 0 CPU seconds
INFO: [Project 1-570] Preparing netlist for logic optimization
INFO: [Opt 31-138] Pushed 0 inverter(s) to 0 load pin(s).
Netlist sorting complete. Time (s): cpu = 00:00:00 ; elapsed = 00:00:00.002 . Memory (MB): peak = 1103.930 ; gain = 0.000
INFO: [Project 1-111] Unisim Transformation Summary:
  A total of 576 instances were transformed.
  (MUXCY,XORCY) => CARRY4: 576 instances

INFO: [Common 17-83] Releasing license: Synthesis
165 Infos, 200 Warnings, 0 Critical Warnings and 0 Errors encountered.
synth_design completed successfully
synth_design: Time (s): cpu = 00:00:50 ; elapsed = 00:00:55 . Memory (MB): peak = 1103.930 ; gain = 734.797
Netlist sorting complete. Time (s): cpu = 00:00:00 ; elapsed = 00:00:00.003 . Memory (MB): peak = 1103.930 ; gain = 0.000
WARNING: [Constraints 18-5210] No constraints selected for write.
Resolution: This message can indicate that there are no constraints for the design, or it can indicate that the used_in flags are set such that the constraints are ignored. This later case is used when running synth_design to not write synthesis constraints to the resulting checkpoint. Instead, project constraints are read when the synthesized design is opened.
INFO: [Common 17-1381] The checkpoint 'F:/College/verilog_digital_system/Xilinx/2023_step2_by_ygw/2023_step2_by_ygw.runs/design_1_demod_pool_core_0_0_synth_1/design_1_demod_pool_core_0_0.dcp' has been generated.
INFO: [Coretcl 2-1174] Renamed 580 cell refs.
Netlist sorting complete. Time (s): cpu = 00:00:00 ; elapsed = 00:00:00.003 . Memory (MB): peak = 1103.930 ; gain = 0.000
WARNING: [Constraints 18-5210] No constraints selected for write.
Resolution: This message can indicate that there are no constraints for the design, or it can indicate that the used_in flags are set such that the constraints are ignored. This later case is used when running synth_design to not write synthesis constraints to the resulting checkpoint. Instead, project constraints are read when the synthesized design is opened.
INFO: [Common 17-1381] The checkpoint 'F:/College/verilog_digital_system/Xilinx/2023_step2_by_ygw/2023_step2_by_ygw.runs/design_1_demod_pool_core_0_0_synth_1/design_1_demod_pool_core_0_0.dcp' has been generated.
INFO: [runtcl-4] Executing : report_utilization -file design_1_demod_pool_core_0_0_utilization_synth.rpt -pb design_1_demod_pool_core_0_0_utilization_synth.pb
INFO: [Common 17-206] Exiting Vivado at Sat Jul 18 17:16:59 2026...
