#-----------------------------------------------------------
# Vivado v2018.3 (64-bit)
# SW Build 2405991 on Thu Dec  6 23:38:27 MST 2018
# IP Build 2404404 on Fri Dec  7 01:43:56 MST 2018
# Start of session at: Sat Jul 18 23:02:44 2026
# Process ID: 56544
# Current directory: F:/Vivado/2023/D2023_stage1_step01_02/vivado_2018_3_project
# Command line: vivado.exe -gui_launcher_event rodinguilauncherevent65184 F:\Vivado\2023\D2023_stage1_step01_02\vivado_2018_3_project\d2023_stage1_step01_02.xpr
# Log file: F:/Vivado/2023/D2023_stage1_step01_02/vivado_2018_3_project/vivado.log
# Journal file: F:/Vivado/2023/D2023_stage1_step01_02/vivado_2018_3_project\vivado.jou
#-----------------------------------------------------------
start_gui
open_project F:/Vivado/2023/D2023_stage1_step01_02/vivado_2018_3_project/d2023_stage1_step01_02.xpr
Scanning sources...
Finished scanning sources
INFO: [IP_Flow 19-234] Refreshing IP repositories
INFO: [IP_Flow 19-1704] No user IP repositories specified
INFO: [IP_Flow 19-2313] Loaded Vivado IP repository 'D:/Vivado/2018.3/data/ip'.
update_compile_order -fileset sources_1
launch_simulation
INFO: [Vivado 12-5682] Launching behavioral simulation in 'F:/Vivado/2023/D2023_stage1_step01_02/vivado_2018_3_project/d2023_stage1_step01_02.sim/sim_1/behav/xsim'
INFO: [SIM-utils-51] Simulation object is 'sim_1'
INFO: [SIM-utils-54] Inspecting design source files for 'tb_stage1_to_pl2_adapter' in fileset 'sim_1'...
INFO: [USF-XSim-97] Finding global include files...
INFO: [USF-XSim-98] Fetching design files from 'sim_1'...
INFO: [USF-XSim-2] XSim::Compile design
INFO: [USF-XSim-61] Executing 'COMPILE and ANALYZE' step in 'F:/Vivado/2023/D2023_stage1_step01_02/vivado_2018_3_project/d2023_stage1_step01_02.sim/sim_1/behav/xsim'
"xvlog --incr --relax -prj tb_stage1_to_pl2_adapter_vlog.prj"
INFO: [USF-XSim-69] 'compile' step finished in '1' seconds
INFO: [USF-XSim-3] XSim::Elaborate design
INFO: [USF-XSim-61] Executing 'ELABORATE' step in 'F:/Vivado/2023/D2023_stage1_step01_02/vivado_2018_3_project/d2023_stage1_step01_02.sim/sim_1/behav/xsim'
Vivado Simulator 2018.3
Copyright 1986-1999, 2001-2018 Xilinx, Inc. All Rights Reserved.
Running: D:/Vivado/2018.3/bin/unwrapped/win64.o/xelab.exe -wto 5d0c2864c8d442dc9d0b75038acac208 --incr --debug typical --relax --mt 2 -L xil_defaultlib -L unisims_ver -L unimacro_ver -L secureip --snapshot tb_stage1_to_pl2_adapter_behav xil_defaultlib.tb_stage1_to_pl2_adapter xil_defaultlib.glbl -log elaborate.log 
Using 2 slave threads.
Starting static elaboration
Completed static elaboration
INFO: [XSIM 43-4323] No Change in HDL. Linking previously generated obj files to create kernel
INFO: [USF-XSim-69] 'elaborate' step finished in '2' seconds
INFO: [USF-XSim-4] XSim::Simulate design
INFO: [USF-XSim-61] Executing 'SIMULATE' step in 'F:/Vivado/2023/D2023_stage1_step01_02/vivado_2018_3_project/d2023_stage1_step01_02.sim/sim_1/behav/xsim'
INFO: [USF-XSim-98] *** Running xsim
   with args "tb_stage1_to_pl2_adapter_behav -key {Behavioral:sim_1:Functional:tb_stage1_to_pl2_adapter} -tclbatch {tb_stage1_to_pl2_adapter.tcl} -log {simulate.log}"
INFO: [USF-XSim-8] Loading simulator feature
Vivado Simulator 2018.3
Time resolution is 1 ps
source tb_stage1_to_pl2_adapter.tcl
# set curr_wave [current_wave_config]
# if { [string length $curr_wave] == 0 } {
#   if { [llength [get_objects]] > 0} {
#     add_wave /
#     set_property needs_save false [current_wave_config]
#   } else {
#      send_msg_id Add_Wave-1 WARNING "No top level signals found. Simulator will start without a wave window. If you want to open a wave window go to 'File->New Waveform Configuration' or type 'create_wave_config' in the TCL console."
#   }
# }
# log_wave -r /
# run 4ms
[TB-PASS] Stage1-to-PL2 adapter scaling/FIFO test passed.
$finish called at time : 724971 ps : File "F:/Vivado/2023/D2023_stage1_step01_02/tb_stage1_to_pl2_adapter.v" Line 209
INFO: [USF-XSim-96] XSim completed. Design snapshot 'tb_stage1_to_pl2_adapter_behav' loaded.
INFO: [USF-XSim-97] XSim simulation ran for 4ms
launch_simulation: Time (s): cpu = 00:00:04 ; elapsed = 00:00:05 . Memory (MB): peak = 816.465 ; gain = 21.871
close_sim
INFO: [Simtcl 6-16] Simulation closed
archive_project F:/Vivado/2023/D2023_stage1_step01_02/d2023_stage1_step01_02.xpr.zip -temp_dir F:/Vivado/2023/D2023_stage1_step01_02/vivado_2018_3_project/.Xil/Vivado-56544-Y9000P -force -exclude_run_results -include_local_ip_cache
INFO: [Coretcl 2-137] starting archive...
INFO: [Coretcl 2-1499] Saving project copy to temporary location 'F:/Vivado/2023/D2023_stage1_step01_02/vivado_2018_3_project/.Xil/Vivado-56544-Y9000P' for archiving project
Scanning sources...
Finished scanning sources
INFO: [Coretcl 2-1211] Creating project copy for archival...
INFO: [ProjectBase 1-495] The host OS only allows 260 characters in a normal path. The project is stored in a path with more than 80 characters. If you experience any problem with archiving the project, please consider setting environment variable $TEMP to a shorter path.
Current project path is 'F:/Vivado/2023/D2023_stage1_step01_02/vivado_2018_3_project/.Xil/Vivado-56544-Y9000P/PrjAr/_X_'.
INFO: [Coretcl 2-135] resetting runs for excluding generated files from archive...
INFO: [Coretcl 2-133] re-setting run 'synth_1'...
INFO: [Coretcl 2-133] re-setting run 'impl_1'...
INFO: [Coretcl 2-1212] Importing remotely added design sources and verilog include files (if any)...
INFO: [filemgmt 20-348] Importing the appropriate files for fileset: 'sim_1'
INFO: [filemgmt 20-348] Importing the appropriate files for fileset: 'sources_1'
